{"/home/gerald/admin_koomky/frontend/lib/api.ts": {"path":"/home/gerald/admin_koomky/frontend/lib/api.ts","all":false,"statementMap":{"0":{"start":{"line":1,"column":0},"end":{"line":1,"column":49}},"15":{"start":{"line":16,"column":0},"end":{"line":16,"column":30}},"19":{"start":{"line":20,"column":0},"end":{"line":20,"column":60}},"20":{"start":{"line":21,"column":0},"end":{"line":21,"column":19}},"21":{"start":{"line":22,"column":0},"end":{"line":22,"column":27}},"22":{"start":{"line":23,"column":0},"end":{"line":23,"column":25}},"23":{"start":{"line":24,"column":0},"end":{"line":24,"column":21}},"24":{"start":{"line":25,"column":0},"end":{"line":25,"column":3}},"25":{"start":{"line":26,"column":0},"end":{"line":26,"column":1}},"27":{"start":{"line":28,"column":0},"end":{"line":28,"column":55}},"28":{"start":{"line":29,"column":0},"end":{"line":29,"column":60}},"30":{"start":{"line":31,"column":0},"end":{"line":31,"column":22}},"31":{"start":{"line":32,"column":0},"end":{"line":32,"column":17}},"32":{"start":{"line":33,"column":0},"end":{"line":33,"column":3}},"34":{"start":{"line":35,"column":0},"end":{"line":35,"column":7}},"35":{"start":{"line":36,"column":0},"end":{"line":36,"column":33}},"36":{"start":{"line":37,"column":0},"end":{"line":37,"column":85}},"37":{"start":{"line":38,"column":0},"end":{"line":38,"column":7}},"38":{"start":{"line":39,"column":0},"end":{"line":39,"column":23}},"39":{"start":{"line":40,"column":0},"end":{"line":40,"column":18}},"40":{"start":{"line":41,"column":0},"end":{"line":41,"column":45}},"41":{"start":{"line":42,"column":0},"end":{"line":42,"column":37}},"42":{"start":{"line":43,"column":0},"end":{"line":43,"column":50}},"43":{"start":{"line":44,"column":0},"end":{"line":44,"column":10}},"44":{"start":{"line":45,"column":0},"end":{"line":45,"column":7}},"45":{"start":{"line":46,"column":0},"end":{"line":46,"column":6}},"47":{"start":{"line":48,"column":0},"end":{"line":48,"column":23}},"48":{"start":{"line":49,"column":0},"end":{"line":49,"column":19}},"49":{"start":{"line":50,"column":0},"end":{"line":50,"column":5}},"51":{"start":{"line":52,"column":0},"end":{"line":52,"column":39}},"52":{"start":{"line":53,"column":0},"end":{"line":53,"column":54}},"53":{"start":{"line":54,"column":0},"end":{"line":54,"column":67}},"54":{"start":{"line":55,"column":0},"end":{"line":55,"column":16}},"55":{"start":{"line":56,"column":0},"end":{"line":56,"column":11}},"56":{"start":{"line":57,"column":0},"end":{"line":57,"column":17}},"57":{"start":{"line":58,"column":0},"end":{"line":58,"column":3}},"58":{"start":{"line":59,"column":0},"end":{"line":59,"column":1}},"60":{"start":{"line":61,"column":0},"end":{"line":61,"column":29}},"61":{"start":{"line":62,"column":0},"end":{"line":62,"column":19}},"62":{"start":{"line":63,"column":0},"end":{"line":63,"column":26}},"63":{"start":{"line":64,"column":0},"end":{"line":64,"column":28}},"64":{"start":{"line":65,"column":0},"end":{"line":65,"column":64}},"65":{"start":{"line":66,"column":0},"end":{"line":66,"column":58}},"67":{"start":{"line":68,"column":0},"end":{"line":68,"column":32}},"68":{"start":{"line":69,"column":0},"end":{"line":69,"column":39}},"69":{"start":{"line":70,"column":0},"end":{"line":70,"column":31}},"70":{"start":{"line":71,"column":0},"end":{"line":71,"column":23}},"71":{"start":{"line":72,"column":0},"end":{"line":72,"column":4}},"73":{"start":{"line":74,"column":0},"end":{"line":74,"column":33}},"74":{"start":{"line":75,"column":0},"end":{"line":75,"column":58}},"75":{"start":{"line":76,"column":0},"end":{"line":76,"column":30}},"76":{"start":{"line":77,"column":0},"end":{"line":77,"column":3}},"78":{"start":{"line":79,"column":0},"end":{"line":79,"column":79}},"80":{"start":{"line":81,"column":0},"end":{"line":81,"column":36}},"82":{"start":{"line":83,"column":0},"end":{"line":83,"column":49}},"83":{"start":{"line":84,"column":0},"end":{"line":84,"column":47}},"84":{"start":{"line":85,"column":0},"end":{"line":85,"column":54}},"85":{"start":{"line":86,"column":0},"end":{"line":86,"column":50}},"86":{"start":{"line":87,"column":0},"end":{"line":87,"column":48}},"87":{"start":{"line":88,"column":0},"end":{"line":88,"column":7}},"88":{"start":{"line":89,"column":0},"end":{"line":89,"column":7}},"89":{"start":{"line":90,"column":0},"end":{"line":90,"column":48}},"90":{"start":{"line":91,"column":0},"end":{"line":91,"column":22}},"91":{"start":{"line":92,"column":0},"end":{"line":92,"column":59}},"92":{"start":{"line":93,"column":0},"end":{"line":93,"column":5}},"93":{"start":{"line":94,"column":0},"end":{"line":94,"column":3}},"95":{"start":{"line":96,"column":0},"end":{"line":96,"column":35}},"96":{"start":{"line":97,"column":0},"end":{"line":97,"column":20}},"97":{"start":{"line":98,"column":0},"end":{"line":98,"column":12}},"98":{"start":{"line":99,"column":0},"end":{"line":99,"column":5}},"101":{"start":{"line":102,"column":0},"end":{"line":102,"column":45}},"102":{"start":{"line":103,"column":0},"end":{"line":103,"column":49}},"104":{"start":{"line":105,"column":0},"end":{"line":105,"column":20}},"105":{"start":{"line":106,"column":0},"end":{"line":106,"column":65}},"106":{"start":{"line":107,"column":0},"end":{"line":107,"column":60}},"107":{"start":{"line":108,"column":0},"end":{"line":108,"column":35}},"109":{"start":{"line":110,"column":0},"end":{"line":110,"column":35}},"110":{"start":{"line":111,"column":0},"end":{"line":111,"column":24}},"111":{"start":{"line":112,"column":0},"end":{"line":112,"column":16}},"112":{"start":{"line":113,"column":0},"end":{"line":113,"column":9}},"113":{"start":{"line":114,"column":0},"end":{"line":114,"column":12}},"115":{"start":{"line":116,"column":0},"end":{"line":116,"column":39}},"118":{"start":{"line":119,"column":0},"end":{"line":119,"column":10}},"119":{"start":{"line":120,"column":0},"end":{"line":120,"column":40}},"120":{"start":{"line":121,"column":0},"end":{"line":121,"column":53}},"121":{"start":{"line":122,"column":0},"end":{"line":122,"column":9}},"122":{"start":{"line":123,"column":0},"end":{"line":123,"column":45}},"123":{"start":{"line":124,"column":0},"end":{"line":124,"column":7}},"125":{"start":{"line":126,"column":0},"end":{"line":126,"column":49}},"126":{"start":{"line":127,"column":0},"end":{"line":127,"column":5}},"127":{"start":{"line":128,"column":0},"end":{"line":128,"column":3}},"129":{"start":{"line":130,"column":0},"end":{"line":130,"column":21}},"130":{"start":{"line":131,"column":0},"end":{"line":131,"column":62}},"131":{"start":{"line":132,"column":0},"end":{"line":132,"column":23}},"132":{"start":{"line":133,"column":0},"end":{"line":133,"column":68}},"133":{"start":{"line":134,"column":0},"end":{"line":134,"column":22}},"134":{"start":{"line":135,"column":0},"end":{"line":135,"column":15}},"135":{"start":{"line":136,"column":0},"end":{"line":136,"column":6}},"136":{"start":{"line":137,"column":0},"end":{"line":137,"column":3}},"138":{"start":{"line":139,"column":0},"end":{"line":139,"column":25}},"139":{"start":{"line":140,"column":0},"end":{"line":140,"column":1}},"142":{"start":{"line":143,"column":0},"end":{"line":143,"column":26}},"143":{"start":{"line":144,"column":0},"end":{"line":144,"column":53}},"144":{"start":{"line":145,"column":0},"end":{"line":145,"column":52}},"146":{"start":{"line":147,"column":0},"end":{"line":147,"column":66}},"147":{"start":{"line":148,"column":0},"end":{"line":148,"column":22}},"148":{"start":{"line":149,"column":0},"end":{"line":149,"column":17}},"149":{"start":{"line":150,"column":0},"end":{"line":150,"column":21}},"150":{"start":{"line":151,"column":0},"end":{"line":151,"column":52}},"151":{"start":{"line":152,"column":0},"end":{"line":152,"column":7}},"153":{"start":{"line":154,"column":0},"end":{"line":154,"column":65}},"154":{"start":{"line":155,"column":0},"end":{"line":155,"column":22}},"155":{"start":{"line":156,"column":0},"end":{"line":156,"column":17}},"156":{"start":{"line":157,"column":0},"end":{"line":157,"column":20}},"157":{"start":{"line":158,"column":0},"end":{"line":158,"column":52}},"158":{"start":{"line":159,"column":0},"end":{"line":159,"column":7}},"160":{"start":{"line":161,"column":0},"end":{"line":161,"column":67}},"161":{"start":{"line":162,"column":0},"end":{"line":162,"column":22}},"162":{"start":{"line":163,"column":0},"end":{"line":163,"column":17}},"163":{"start":{"line":164,"column":0},"end":{"line":164,"column":22}},"164":{"start":{"line":165,"column":0},"end":{"line":165,"column":52}},"165":{"start":{"line":166,"column":0},"end":{"line":166,"column":7}},"167":{"start":{"line":168,"column":0},"end":{"line":168,"column":56}},"168":{"start":{"line":169,"column":0},"end":{"line":169,"column":55}},"169":{"start":{"line":170,"column":0},"end":{"line":170,"column":2}}},"s":{"0":1,"15":1,"19":1,"20":4,"21":4,"22":4,"23":4,"24":4,"25":1,"27":2,"28":2,"30":2,"31":1,"32":1,"34":1,"35":1,"36":2,"37":2,"38":2,"39":2,"40":2,"41":2,"42":2,"43":2,"44":2,"45":2,"47":2,"48":0,"49":0,"51":1,"52":1,"53":1,"54":1,"55":2,"56":0,"57":0,"58":2,"60":11,"61":11,"62":11,"63":11,"64":11,"65":11,"67":11,"68":11,"69":11,"70":11,"71":11,"73":11,"74":3,"75":3,"76":3,"78":11,"80":11,"82":11,"83":1,"84":1,"85":4,"86":2,"87":2,"88":1,"89":1,"90":1,"91":1,"92":1,"93":1,"95":11,"96":11,"97":11,"98":11,"101":11,"102":2,"104":2,"105":1,"106":1,"107":1,"109":1,"110":1,"111":1,"112":1,"113":1,"115":1,"118":1,"119":1,"120":1,"121":1,"122":0,"123":0,"125":1,"126":1,"127":2,"129":10,"130":2,"131":2,"132":2,"133":2,"134":2,"135":2,"136":2,"138":7,"139":7,"142":1,"143":1,"144":1,"146":1,"147":1,"148":1,"149":1,"150":1,"151":1,"153":1,"154":1,"155":1,"156":1,"157":1,"158":1,"160":1,"161":1,"162":1,"163":1,"164":1,"165":1,"167":1,"168":1,"169":1},"branchMap":{"0":{"type":"branch","line":20,"loc":{"start":{"line":20,"column":2},"end":{"line":25,"column":3}},"locations":[{"start":{"line":20,"column":2},"end":{"line":25,"column":3}}]},"1":{"type":"branch","line":28,"loc":{"start":{"line":28,"column":0},"end":{"line":59,"column":1}},"locations":[{"start":{"line":28,"column":0},"end":{"line":59,"column":1}}]},"2":{"type":"branch","line":31,"loc":{"start":{"line":31,"column":21},"end":{"line":37,"column":69}},"locations":[{"start":{"line":31,"column":21},"end":{"line":37,"column":69}}]},"3":{"type":"branch","line":46,"loc":{"start":{"line":46,"column":4},"end":{"line":48,"column":22}},"locations":[{"start":{"line":46,"column":4},"end":{"line":48,"column":22}}]},"4":{"type":"branch","line":48,"loc":{"start":{"line":48,"column":22},"end":{"line":50,"column":5}},"locations":[{"start":{"line":48,"column":22},"end":{"line":50,"column":5}}]},"5":{"type":"branch","line":50,"loc":{"start":{"line":50,"column":4},"end":{"line":56,"column":10}},"locations":[{"start":{"line":50,"column":4},"end":{"line":56,"column":10}}]},"6":{"type":"branch","line":56,"loc":{"start":{"line":56,"column":2},"end":{"line":58,"column":3}},"locations":[{"start":{"line":56,"column":2},"end":{"line":58,"column":3}}]},"7":{"type":"branch","line":61,"loc":{"start":{"line":61,"column":0},"end":{"line":140,"column":1}},"locations":[{"start":{"line":61,"column":0},"end":{"line":140,"column":1}}]},"8":{"type":"branch","line":74,"loc":{"start":{"line":74,"column":7},"end":{"line":74,"column":32}},"locations":[{"start":{"line":74,"column":7},"end":{"line":74,"column":32}}]},"9":{"type":"branch","line":74,"loc":{"start":{"line":74,"column":32},"end":{"line":77,"column":3}},"locations":[{"start":{"line":74,"column":32},"end":{"line":77,"column":3}}]},"10":{"type":"branch","line":83,"loc":{"start":{"line":83,"column":6},"end":{"line":83,"column":48}},"locations":[{"start":{"line":83,"column":6},"end":{"line":83,"column":48}}]},"11":{"type":"branch","line":83,"loc":{"start":{"line":83,"column":48},"end":{"line":94,"column":3}},"locations":[{"start":{"line":83,"column":48},"end":{"line":94,"column":3}}]},"12":{"type":"branch","line":92,"loc":{"start":{"line":92,"column":34},"end":{"line":92,"column":47}},"locations":[{"start":{"line":92,"column":34},"end":{"line":92,"column":47}}]},"13":{"type":"branch","line":99,"loc":{"start":{"line":99,"column":3},"end":{"line":102,"column":44}},"locations":[{"start":{"line":99,"column":3},"end":{"line":102,"column":44}}]},"14":{"type":"branch","line":102,"loc":{"start":{"line":102,"column":26},"end":{"line":102,"column":44}},"locations":[{"start":{"line":102,"column":26},"end":{"line":102,"column":44}}]},"15":{"type":"branch","line":102,"loc":{"start":{"line":102,"column":44},"end":{"line":140,"column":1}},"locations":[{"start":{"line":102,"column":44},"end":{"line":140,"column":1}}]},"16":{"type":"branch","line":102,"loc":{"start":{"line":102,"column":44},"end":{"line":128,"column":3}},"locations":[{"start":{"line":102,"column":44},"end":{"line":128,"column":3}}]},"17":{"type":"branch","line":105,"loc":{"start":{"line":105,"column":19},"end":{"line":127,"column":5}},"locations":[{"start":{"line":105,"column":19},"end":{"line":127,"column":5}}]},"18":{"type":"branch","line":122,"loc":{"start":{"line":122,"column":8},"end":{"line":124,"column":7}},"locations":[{"start":{"line":122,"column":8},"end":{"line":124,"column":7}}]},"19":{"type":"branch","line":128,"loc":{"start":{"line":128,"column":2},"end":{"line":130,"column":20}},"locations":[{"start":{"line":128,"column":2},"end":{"line":130,"column":20}}]},"20":{"type":"branch","line":130,"loc":{"start":{"line":130,"column":20},"end":{"line":137,"column":3}},"locations":[{"start":{"line":130,"column":20},"end":{"line":137,"column":3}}]},"21":{"type":"branch","line":133,"loc":{"start":{"line":133,"column":16},"end":{"line":133,"column":68}},"locations":[{"start":{"line":133,"column":16},"end":{"line":133,"column":68}}]},"22":{"type":"branch","line":137,"loc":{"start":{"line":137,"column":2},"end":{"line":140,"column":1}},"locations":[{"start":{"line":137,"column":2},"end":{"line":140,"column":1}}]},"23":{"type":"branch","line":85,"loc":{"start":{"line":85,"column":35},"end":{"line":89,"column":5}},"locations":[{"start":{"line":85,"column":35},"end":{"line":89,"column":5}}]},"24":{"type":"branch","line":86,"loc":{"start":{"line":86,"column":20},"end":{"line":86,"column":49}},"locations":[{"start":{"line":86,"column":20},"end":{"line":86,"column":49}}]},"25":{"type":"branch","line":86,"loc":{"start":{"line":86,"column":49},"end":{"line":88,"column":7}},"locations":[{"start":{"line":86,"column":49},"end":{"line":88,"column":7}}]},"26":{"type":"branch","line":131,"loc":{"start":{"line":131,"column":50},"end":{"line":131,"column":60}},"locations":[{"start":{"line":131,"column":50},"end":{"line":131,"column":60}}]},"27":{"type":"branch","line":144,"loc":{"start":{"line":144,"column":7},"end":{"line":145,"column":52}},"locations":[{"start":{"line":144,"column":7},"end":{"line":145,"column":52}}]},"28":{"type":"branch","line":147,"loc":{"start":{"line":147,"column":8},"end":{"line":152,"column":7}},"locations":[{"start":{"line":147,"column":8},"end":{"line":152,"column":7}}]},"29":{"type":"branch","line":151,"loc":{"start":{"line":151,"column":38},"end":{"line":151,"column":52}},"locations":[{"start":{"line":151,"column":38},"end":{"line":151,"column":52}}]},"30":{"type":"branch","line":154,"loc":{"start":{"line":154,"column":7},"end":{"line":159,"column":7}},"locations":[{"start":{"line":154,"column":7},"end":{"line":159,"column":7}}]},"31":{"type":"branch","line":158,"loc":{"start":{"line":158,"column":38},"end":{"line":158,"column":52}},"locations":[{"start":{"line":158,"column":38},"end":{"line":158,"column":52}}]},"32":{"type":"branch","line":161,"loc":{"start":{"line":161,"column":9},"end":{"line":166,"column":7}},"locations":[{"start":{"line":161,"column":9},"end":{"line":166,"column":7}}]},"33":{"type":"branch","line":165,"loc":{"start":{"line":165,"column":38},"end":{"line":165,"column":52}},"locations":[{"start":{"line":165,"column":38},"end":{"line":165,"column":52}}]},"34":{"type":"branch","line":168,"loc":{"start":{"line":168,"column":10},"end":{"line":169,"column":55}},"locations":[{"start":{"line":168,"column":10},"end":{"line":169,"column":55}}]}},"b":{"0":[4],"1":[2],"2":[1],"3":[1],"4":[0],"5":[1],"6":[0],"7":[11],"8":[10],"9":[3],"10":[1],"11":[1],"12":[0],"13":[10],"14":[2],"15":[10],"16":[2],"17":[1],"18":[0],"19":[9],"20":[2],"21":[1],"22":[7],"23":[4],"24":[3],"25":[2],"26":[1],"27":[1],"28":[1],"29":[0],"30":[1],"31":[0],"32":[1],"33":[0],"34":[1]},"fnMap":{"0":{"name":"ApiError","decl":{"start":{"line":20,"column":2},"end":{"line":25,"column":3}},"loc":{"start":{"line":20,"column":2},"end":{"line":25,"column":3}},"line":20},"1":{"name":"refreshAccessToken","decl":{"start":{"line":28,"column":0},"end":{"line":59,"column":1}},"loc":{"start":{"line":28,"column":0},"end":{"line":59,"column":1}},"line":28},"2":{"name":"api","decl":{"start":{"line":61,"column":0},"end":{"line":140,"column":1}},"loc":{"start":{"line":61,"column":0},"end":{"line":140,"column":1}},"line":61},"3":{"name":"get","decl":{"start":{"line":144,"column":7},"end":{"line":145,"column":52}},"loc":{"start":{"line":144,"column":7},"end":{"line":145,"column":52}},"line":144},"4":{"name":"post","decl":{"start":{"line":147,"column":8},"end":{"line":152,"column":7}},"loc":{"start":{"line":147,"column":8},"end":{"line":152,"column":7}},"line":147},"5":{"name":"put","decl":{"start":{"line":154,"column":7},"end":{"line":159,"column":7}},"loc":{"start":{"line":154,"column":7},"end":{"line":159,"column":7}},"line":154},"6":{"name":"patch","decl":{"start":{"line":161,"column":9},"end":{"line":166,"column":7}},"loc":{"start":{"line":161,"column":9},"end":{"line":166,"column":7}},"line":161},"7":{"name":"delete","decl":{"start":{"line":168,"column":10},"end":{"line":169,"column":55}},"loc":{"start":{"line":168,"column":10},"end":{"line":169,"column":55}},"line":168}},"f":{"0":4,"1":2,"2":11,"3":1,"4":1,"5":1,"6":1,"7":1}}
,"/home/gerald/admin_koomky/frontend/lib/utils.ts": {"path":"/home/gerald/admin_koomky/frontend/lib/utils.ts","all":false,"statementMap":{"0":{"start":{"line":1,"column":0},"end":{"line":1,"column":45}},"1":{"start":{"line":2,"column":0},"end":{"line":2,"column":41}},"3":{"start":{"line":4,"column":0},"end":{"line":4,"column":45}},"4":{"start":{"line":5,"column":0},"end":{"line":5,"column":31}},"5":{"start":{"line":6,"column":0},"end":{"line":6,"column":1}}},"s":{"0":1,"1":1,"3":1,"4":847,"5":847},"branchMap":{"0":{"type":"branch","line":4,"loc":{"start":{"line":4,"column":7},"end":{"line":6,"column":1}},"locations":[{"start":{"line":4,"column":7},"end":{"line":6,"column":1}}]}},"b":{"0":[847]},"fnMap":{"0":{"name":"cn","decl":{"start":{"line":4,"column":7},"end":{"line":6,"column":1}},"loc":{"start":{"line":4,"column":7},"end":{"line":6,"column":1}},"line":4}},"f":{"0":847}}
,"/home/gerald/admin_koomky/frontend/lib/i18n/config.ts": {"path":"/home/gerald/admin_koomky/frontend/lib/i18n/config.ts","all":false,"statementMap":{"0":{"start":{"line":1,"column":0},"end":{"line":1,"column":45}},"4":{"start":{"line":5,"column":0},"end":{"line":5,"column":42}},"5":{"start":{"line":6,"column":0},"end":{"line":6,"column":48}},"6":{"start":{"line":7,"column":0},"end":{"line":7,"column":48}},"8":{"start":{"line":9,"column":0},"end":{"line":9,"column":77}},"9":{"start":{"line":10,"column":0},"end":{"line":10,"column":54}},"10":{"start":{"line":11,"column":0},"end":{"line":11,"column":1}},"12":{"start":{"line":13,"column":0},"end":{"line":13,"column":73}},"13":{"start":{"line":14,"column":0},"end":{"line":14,"column":49}},"14":{"start":{"line":15,"column":0},"end":{"line":15,"column":1}},"16":{"start":{"line":17,"column":0},"end":{"line":17,"column":48}},"17":{"start":{"line":18,"column":0},"end":{"line":18,"column":43}},"18":{"start":{"line":19,"column":0},"end":{"line":19,"column":11}},"19":{"start":{"line":20,"column":0},"end":{"line":20,"column":24}},"20":{"start":{"line":21,"column":0},"end":{"line":21,"column":25}},"21":{"start":{"line":22,"column":0},"end":{"line":22,"column":3}},"23":{"start":{"line":24,"column":0},"end":{"line":24,"column":41}},"24":{"start":{"line":25,"column":0},"end":{"line":25,"column":15}},"25":{"start":{"line":26,"column":0},"end":{"line":26,"column":28}},"26":{"start":{"line":27,"column":0},"end":{"line":27,"column":58}},"27":{"start":{"line":28,"column":0},"end":{"line":28,"column":39}},"28":{"start":{"line":29,"column":0},"end":{"line":29,"column":17}},"29":{"start":{"line":30,"column":0},"end":{"line":30,"column":20}},"30":{"start":{"line":31,"column":0},"end":{"line":31,"column":7}},"32":{"start":{"line":33,"column":0},"end":{"line":33,"column":49}},"33":{"start":{"line":34,"column":0},"end":{"line":34,"column":37}},"34":{"start":{"line":35,"column":0},"end":{"line":35,"column":8}},"35":{"start":{"line":36,"column":0},"end":{"line":36,"column":40}},"36":{"start":{"line":37,"column":0},"end":{"line":37,"column":57}},"37":{"start":{"line":38,"column":0},"end":{"line":38,"column":12}},"38":{"start":{"line":39,"column":0},"end":{"line":39,"column":73}},"40":{"start":{"line":41,"column":0},"end":{"line":41,"column":37}},"41":{"start":{"line":42,"column":0},"end":{"line":42,"column":6}},"42":{"start":{"line":43,"column":0},"end":{"line":43,"column":12}},"43":{"start":{"line":44,"column":0},"end":{"line":44,"column":7}},"44":{"start":{"line":45,"column":0},"end":{"line":45,"column":17}},"49":{"start":{"line":50,"column":0},"end":{"line":50,"column":29}},"50":{"start":{"line":51,"column":0},"end":{"line":51,"column":5}},"51":{"start":{"line":52,"column":0},"end":{"line":52,"column":21}},"52":{"start":{"line":53,"column":0},"end":{"line":53,"column":36}},"53":{"start":{"line":54,"column":0},"end":{"line":54,"column":37}},"54":{"start":{"line":55,"column":0},"end":{"line":55,"column":7}},"55":{"start":{"line":56,"column":0},"end":{"line":56,"column":31}},"56":{"start":{"line":57,"column":0},"end":{"line":57,"column":7}},"58":{"start":{"line":59,"column":0},"end":{"line":59,"column":45}},"59":{"start":{"line":60,"column":0},"end":{"line":60,"column":32}},"60":{"start":{"line":61,"column":0},"end":{"line":61,"column":27}},"61":{"start":{"line":62,"column":0},"end":{"line":62,"column":5}},"63":{"start":{"line":64,"column":0},"end":{"line":64,"column":48}},"64":{"start":{"line":65,"column":0},"end":{"line":65,"column":28}},"65":{"start":{"line":66,"column":0},"end":{"line":66,"column":21}},"66":{"start":{"line":67,"column":0},"end":{"line":67,"column":5}},"67":{"start":{"line":68,"column":0},"end":{"line":68,"column":3}},"69":{"start":{"line":70,"column":0},"end":{"line":70,"column":23}},"70":{"start":{"line":71,"column":0},"end":{"line":71,"column":1}}},"s":{"0":1,"4":1,"5":1,"6":1,"8":1,"9":11,"10":11,"12":1,"13":0,"14":0,"16":1,"17":5,"18":5,"19":5,"20":1,"21":1,"23":4,"24":4,"25":4,"26":9,"27":9,"28":9,"29":0,"30":0,"32":9,"33":6,"34":9,"35":9,"36":6,"37":3,"38":9,"40":9,"41":4,"42":4,"43":4,"44":9,"49":9,"50":4,"51":4,"52":5,"53":5,"54":5,"55":0,"56":4,"58":5,"59":5,"60":0,"61":0,"63":5,"64":5,"65":3,"66":3,"67":5,"69":1,"70":1},"branchMap":{"0":{"type":"branch","line":9,"loc":{"start":{"line":9,"column":7},"end":{"line":11,"column":1}},"locations":[{"start":{"line":9,"column":7},"end":{"line":11,"column":1}}]},"1":{"type":"branch","line":10,"loc":{"start":{"line":10,"column":11},"end":{"line":10,"column":54}},"locations":[{"start":{"line":10,"column":11},"end":{"line":10,"column":54}}]},"2":{"type":"branch","line":17,"loc":{"start":{"line":17,"column":7},"end":{"line":71,"column":1}},"locations":[{"start":{"line":17,"column":7},"end":{"line":71,"column":1}}]},"3":{"type":"branch","line":20,"loc":{"start":{"line":20,"column":23},"end":{"line":22,"column":3}},"locations":[{"start":{"line":20,"column":23},"end":{"line":22,"column":3}}]},"4":{"type":"branch","line":22,"loc":{"start":{"line":22,"column":2},"end":{"line":59,"column":44}},"locations":[{"start":{"line":22,"column":2},"end":{"line":59,"column":44}}]},"5":{"type":"branch","line":60,"loc":{"start":{"line":60,"column":31},"end":{"line":62,"column":5}},"locations":[{"start":{"line":60,"column":31},"end":{"line":62,"column":5}}]},"6":{"type":"branch","line":65,"loc":{"start":{"line":65,"column":27},"end":{"line":67,"column":5}},"locations":[{"start":{"line":65,"column":27},"end":{"line":67,"column":5}}]},"7":{"type":"branch","line":68,"loc":{"start":{"line":68,"column":2},"end":{"line":71,"column":1}},"locations":[{"start":{"line":68,"column":2},"end":{"line":71,"column":1}}]},"8":{"type":"branch","line":26,"loc":{"start":{"line":26,"column":9},"end":{"line":42,"column":5}},"locations":[{"start":{"line":26,"column":9},"end":{"line":42,"column":5}}]},"9":{"type":"branch","line":29,"loc":{"start":{"line":29,"column":16},"end":{"line":31,"column":7}},"locations":[{"start":{"line":29,"column":16},"end":{"line":31,"column":7}}]},"10":{"type":"branch","line":36,"loc":{"start":{"line":36,"column":28},"end":{"line":37,"column":57}},"locations":[{"start":{"line":36,"column":28},"end":{"line":37,"column":57}}]},"11":{"type":"branch","line":37,"loc":{"start":{"line":37,"column":56},"end":{"line":38,"column":12}},"locations":[{"start":{"line":37,"column":56},"end":{"line":38,"column":12}}]},"12":{"type":"branch","line":39,"loc":{"start":{"line":39,"column":55},"end":{"line":39,"column":73}},"locations":[{"start":{"line":39,"column":55},"end":{"line":39,"column":73}}]},"13":{"type":"branch","line":33,"loc":{"start":{"line":33,"column":39},"end":{"line":34,"column":37}},"locations":[{"start":{"line":33,"column":39},"end":{"line":34,"column":37}}]},"14":{"type":"branch","line":44,"loc":{"start":{"line":44,"column":6},"end":{"line":50,"column":29}},"locations":[{"start":{"line":44,"column":6},"end":{"line":50,"column":29}}]},"15":{"type":"branch","line":52,"loc":{"start":{"line":52,"column":10},"end":{"line":57,"column":5}},"locations":[{"start":{"line":52,"column":10},"end":{"line":57,"column":5}}]},"16":{"type":"branch","line":55,"loc":{"start":{"line":55,"column":6},"end":{"line":56,"column":31}},"locations":[{"start":{"line":55,"column":6},"end":{"line":56,"column":31}}]}},"b":{"0":[11],"1":[5],"2":[5],"3":[1],"4":[4],"5":[0],"6":[3],"7":[1],"8":[9],"9":[0],"10":[6],"11":[3],"12":[0],"13":[6],"14":[9],"15":[5],"16":[0]},"fnMap":{"0":{"name":"isLocale","decl":{"start":{"line":9,"column":7},"end":{"line":11,"column":1}},"loc":{"start":{"line":9,"column":7},"end":{"line":11,"column":1}},"line":9},"1":{"name":"resolveLocale","decl":{"start":{"line":13,"column":7},"end":{"line":15,"column":1}},"loc":{"start":{"line":13,"column":7},"end":{"line":15,"column":1}},"line":13},"2":{"name":"resolveLocaleFromAcceptLanguage","decl":{"start":{"line":17,"column":7},"end":{"line":71,"column":1}},"loc":{"start":{"line":17,"column":7},"end":{"line":71,"column":1}},"line":17}},"f":{"0":11,"1":0,"2":5}}
,"/home/gerald/admin_koomky/frontend/lib/i18n/messages.ts": {"path":"/home/gerald/admin_koomky/frontend/lib/i18n/messages.ts","all":false,"statementMap":{"6":{"start":{"line":7,"column":0},"end":{"line":7,"column":54}},"7":{"start":{"line":8,"column":0},"end":{"line":8,"column":7}},"8":{"start":{"line":9,"column":0},"end":{"line":9,"column":13}},"9":{"start":{"line":10,"column":0},"end":{"line":10,"column":31}},"10":{"start":{"line":11,"column":0},"end":{"line":11,"column":25}},"11":{"start":{"line":12,"column":0},"end":{"line":12,"column":24}},"12":{"start":{"line":13,"column":0},"end":{"line":13,"column":27}},"13":{"start":{"line":14,"column":0},"end":{"line":14,"column":26}},"14":{"start":{"line":15,"column":0},"end":{"line":15,"column":30}},"15":{"start":{"line":16,"column":0},"end":{"line":16,"column":21}},"16":{"start":{"line":17,"column":0},"end":{"line":17,"column":18}},"17":{"start":{"line":18,"column":0},"end":{"line":18,"column":17}},"18":{"start":{"line":19,"column":0},"end":{"line":19,"column":17}},"19":{"start":{"line":20,"column":0},"end":{"line":20,"column":8}},"20":{"start":{"line":21,"column":0},"end":{"line":21,"column":6}},"21":{"start":{"line":22,"column":0},"end":{"line":22,"column":12}},"22":{"start":{"line":23,"column":0},"end":{"line":23,"column":24}},"23":{"start":{"line":24,"column":0},"end":{"line":24,"column":48}},"24":{"start":{"line":25,"column":0},"end":{"line":25,"column":6}},"25":{"start":{"line":26,"column":0},"end":{"line":26,"column":14}},"26":{"start":{"line":27,"column":0},"end":{"line":27,"column":35}},"27":{"start":{"line":28,"column":0},"end":{"line":28,"column":25}},"28":{"start":{"line":29,"column":0},"end":{"line":29,"column":27}},"29":{"start":{"line":30,"column":0},"end":{"line":30,"column":26}},"30":{"start":{"line":31,"column":0},"end":{"line":31,"column":29}},"31":{"start":{"line":32,"column":0},"end":{"line":32,"column":22}},"32":{"start":{"line":33,"column":0},"end":{"line":33,"column":28}},"33":{"start":{"line":34,"column":0},"end":{"line":34,"column":26}},"34":{"start":{"line":35,"column":0},"end":{"line":35,"column":29}},"35":{"start":{"line":36,"column":0},"end":{"line":36,"column":19}},"36":{"start":{"line":37,"column":0},"end":{"line":37,"column":28}},"37":{"start":{"line":38,"column":0},"end":{"line":38,"column":40}},"38":{"start":{"line":39,"column":0},"end":{"line":39,"column":38}},"39":{"start":{"line":40,"column":0},"end":{"line":40,"column":6}},"40":{"start":{"line":41,"column":0},"end":{"line":41,"column":13}},"41":{"start":{"line":42,"column":0},"end":{"line":42,"column":39}},"42":{"start":{"line":43,"column":0},"end":{"line":43,"column":37}},"43":{"start":{"line":44,"column":0},"end":{"line":44,"column":35}},"44":{"start":{"line":45,"column":0},"end":{"line":45,"column":6}},"45":{"start":{"line":46,"column":0},"end":{"line":46,"column":9}},"46":{"start":{"line":47,"column":0},"end":{"line":47,"column":15}},"47":{"start":{"line":48,"column":0},"end":{"line":48,"column":24}},"48":{"start":{"line":49,"column":0},"end":{"line":49,"column":8}},"49":{"start":{"line":50,"column":0},"end":{"line":50,"column":19}},"50":{"start":{"line":51,"column":0},"end":{"line":51,"column":30}},"51":{"start":{"line":52,"column":0},"end":{"line":52,"column":24}},"52":{"start":{"line":53,"column":0},"end":{"line":53,"column":25}},"53":{"start":{"line":54,"column":0},"end":{"line":54,"column":24}},"54":{"start":{"line":55,"column":0},"end":{"line":55,"column":35}},"55":{"start":{"line":56,"column":0},"end":{"line":56,"column":55}},"56":{"start":{"line":57,"column":0},"end":{"line":57,"column":49}},"57":{"start":{"line":58,"column":0},"end":{"line":58,"column":50}},"58":{"start":{"line":59,"column":0},"end":{"line":59,"column":49}},"59":{"start":{"line":60,"column":0},"end":{"line":60,"column":8}},"60":{"start":{"line":61,"column":0},"end":{"line":61,"column":6}},"61":{"start":{"line":62,"column":0},"end":{"line":62,"column":21}},"62":{"start":{"line":63,"column":0},"end":{"line":63,"column":37}},"63":{"start":{"line":64,"column":0},"end":{"line":64,"column":63}},"64":{"start":{"line":65,"column":0},"end":{"line":65,"column":35}},"65":{"start":{"line":66,"column":0},"end":{"line":66,"column":30}},"66":{"start":{"line":67,"column":0},"end":{"line":67,"column":39}},"67":{"start":{"line":68,"column":0},"end":{"line":68,"column":35}},"68":{"start":{"line":69,"column":0},"end":{"line":69,"column":29}},"69":{"start":{"line":70,"column":0},"end":{"line":70,"column":6}},"70":{"start":{"line":71,"column":0},"end":{"line":71,"column":16}},"71":{"start":{"line":72,"column":0},"end":{"line":72,"column":31}},"72":{"start":{"line":73,"column":0},"end":{"line":73,"column":16}},"73":{"start":{"line":74,"column":0},"end":{"line":74,"column":23}},"74":{"start":{"line":75,"column":0},"end":{"line":75,"column":36}},"75":{"start":{"line":76,"column":0},"end":{"line":76,"column":44}},"76":{"start":{"line":77,"column":0},"end":{"line":77,"column":10}},"77":{"start":{"line":78,"column":0},"end":{"line":78,"column":25}},"78":{"start":{"line":79,"column":0},"end":{"line":79,"column":34}},"79":{"start":{"line":80,"column":0},"end":{"line":80,"column":34}},"80":{"start":{"line":81,"column":0},"end":{"line":81,"column":10}},"81":{"start":{"line":82,"column":0},"end":{"line":82,"column":26}},"82":{"start":{"line":83,"column":0},"end":{"line":83,"column":39}},"83":{"start":{"line":84,"column":0},"end":{"line":84,"column":45}},"84":{"start":{"line":85,"column":0},"end":{"line":85,"column":10}},"85":{"start":{"line":86,"column":0},"end":{"line":86,"column":25}},"86":{"start":{"line":87,"column":0},"end":{"line":87,"column":34}},"87":{"start":{"line":88,"column":0},"end":{"line":88,"column":43}},"88":{"start":{"line":89,"column":0},"end":{"line":89,"column":10}},"89":{"start":{"line":90,"column":0},"end":{"line":90,"column":8}},"90":{"start":{"line":91,"column":0},"end":{"line":91,"column":23}},"91":{"start":{"line":92,"column":0},"end":{"line":92,"column":34}},"92":{"start":{"line":93,"column":0},"end":{"line":93,"column":54}},"93":{"start":{"line":94,"column":0},"end":{"line":94,"column":8}},"94":{"start":{"line":95,"column":0},"end":{"line":95,"column":26}},"95":{"start":{"line":96,"column":0},"end":{"line":96,"column":35}},"96":{"start":{"line":97,"column":0},"end":{"line":97,"column":45}},"97":{"start":{"line":98,"column":0},"end":{"line":98,"column":25}},"98":{"start":{"line":99,"column":0},"end":{"line":99,"column":92}},"99":{"start":{"line":100,"column":0},"end":{"line":100,"column":8}},"100":{"start":{"line":101,"column":0},"end":{"line":101,"column":6}},"101":{"start":{"line":102,"column":0},"end":{"line":102,"column":14}},"102":{"start":{"line":103,"column":0},"end":{"line":103,"column":15}},"103":{"start":{"line":104,"column":0},"end":{"line":104,"column":28}},"104":{"start":{"line":105,"column":0},"end":{"line":105,"column":24}},"105":{"start":{"line":106,"column":0},"end":{"line":106,"column":28}},"106":{"start":{"line":107,"column":0},"end":{"line":107,"column":25}},"107":{"start":{"line":108,"column":0},"end":{"line":108,"column":28}},"108":{"start":{"line":109,"column":0},"end":{"line":109,"column":8}},"109":{"start":{"line":110,"column":0},"end":{"line":110,"column":14}},"110":{"start":{"line":111,"column":0},"end":{"line":111,"column":31}},"111":{"start":{"line":112,"column":0},"end":{"line":112,"column":20}},"112":{"start":{"line":113,"column":0},"end":{"line":113,"column":23}},"113":{"start":{"line":114,"column":0},"end":{"line":114,"column":25}},"114":{"start":{"line":115,"column":0},"end":{"line":115,"column":27}},"115":{"start":{"line":116,"column":0},"end":{"line":116,"column":8}},"116":{"start":{"line":117,"column":0},"end":{"line":117,"column":13}},"117":{"start":{"line":118,"column":0},"end":{"line":118,"column":25}},"118":{"start":{"line":119,"column":0},"end":{"line":119,"column":53}},"119":{"start":{"line":120,"column":0},"end":{"line":120,"column":36}},"120":{"start":{"line":121,"column":0},"end":{"line":121,"column":37}},"121":{"start":{"line":122,"column":0},"end":{"line":122,"column":35}},"122":{"start":{"line":123,"column":0},"end":{"line":123,"column":35}},"123":{"start":{"line":124,"column":0},"end":{"line":124,"column":33}},"124":{"start":{"line":125,"column":0},"end":{"line":125,"column":34}},"125":{"start":{"line":126,"column":0},"end":{"line":126,"column":42}},"126":{"start":{"line":127,"column":0},"end":{"line":127,"column":25}},"127":{"start":{"line":128,"column":0},"end":{"line":128,"column":92}},"128":{"start":{"line":129,"column":0},"end":{"line":129,"column":52}},"129":{"start":{"line":130,"column":0},"end":{"line":130,"column":38}},"130":{"start":{"line":131,"column":0},"end":{"line":131,"column":41}},"131":{"start":{"line":132,"column":0},"end":{"line":132,"column":44}},"132":{"start":{"line":133,"column":0},"end":{"line":133,"column":73}},"133":{"start":{"line":134,"column":0},"end":{"line":134,"column":8}},"134":{"start":{"line":135,"column":0},"end":{"line":135,"column":15}},"135":{"start":{"line":136,"column":0},"end":{"line":136,"column":44}},"136":{"start":{"line":137,"column":0},"end":{"line":137,"column":25}},"137":{"start":{"line":138,"column":0},"end":{"line":138,"column":49}},"138":{"start":{"line":139,"column":0},"end":{"line":139,"column":45}},"139":{"start":{"line":140,"column":0},"end":{"line":140,"column":44}},"140":{"start":{"line":141,"column":0},"end":{"line":141,"column":49}},"141":{"start":{"line":142,"column":0},"end":{"line":142,"column":33}},"142":{"start":{"line":143,"column":0},"end":{"line":143,"column":123}},"143":{"start":{"line":144,"column":0},"end":{"line":144,"column":50}},"144":{"start":{"line":145,"column":0},"end":{"line":145,"column":33}},"145":{"start":{"line":146,"column":0},"end":{"line":146,"column":76}},"146":{"start":{"line":147,"column":0},"end":{"line":147,"column":36}},"147":{"start":{"line":148,"column":0},"end":{"line":148,"column":49}},"148":{"start":{"line":149,"column":0},"end":{"line":149,"column":27}},"149":{"start":{"line":150,"column":0},"end":{"line":150,"column":47}},"150":{"start":{"line":151,"column":0},"end":{"line":151,"column":23}},"151":{"start":{"line":152,"column":0},"end":{"line":152,"column":58}},"152":{"start":{"line":153,"column":0},"end":{"line":153,"column":15}},"153":{"start":{"line":154,"column":0},"end":{"line":154,"column":29}},"154":{"start":{"line":155,"column":0},"end":{"line":155,"column":31}},"155":{"start":{"line":156,"column":0},"end":{"line":156,"column":31}},"156":{"start":{"line":157,"column":0},"end":{"line":157,"column":10}},"157":{"start":{"line":158,"column":0},"end":{"line":158,"column":17}},"158":{"start":{"line":159,"column":0},"end":{"line":159,"column":66}},"159":{"start":{"line":160,"column":0},"end":{"line":160,"column":63}},"160":{"start":{"line":161,"column":0},"end":{"line":161,"column":49}},"161":{"start":{"line":162,"column":0},"end":{"line":162,"column":59}},"162":{"start":{"line":163,"column":0},"end":{"line":163,"column":50}},"163":{"start":{"line":164,"column":0},"end":{"line":164,"column":61}},"164":{"start":{"line":165,"column":0},"end":{"line":165,"column":10}},"165":{"start":{"line":166,"column":0},"end":{"line":166,"column":8}},"166":{"start":{"line":167,"column":0},"end":{"line":167,"column":21}},"167":{"start":{"line":168,"column":0},"end":{"line":168,"column":39}},"168":{"start":{"line":169,"column":0},"end":{"line":169,"column":50}},"169":{"start":{"line":170,"column":0},"end":{"line":170,"column":20}},"170":{"start":{"line":171,"column":0},"end":{"line":171,"column":72}},"171":{"start":{"line":172,"column":0},"end":{"line":172,"column":44}},"172":{"start":{"line":173,"column":0},"end":{"line":173,"column":40}},"173":{"start":{"line":174,"column":0},"end":{"line":174,"column":17}},"174":{"start":{"line":175,"column":0},"end":{"line":175,"column":45}},"175":{"start":{"line":176,"column":0},"end":{"line":176,"column":50}},"176":{"start":{"line":177,"column":0},"end":{"line":177,"column":10}},"177":{"start":{"line":178,"column":0},"end":{"line":178,"column":8}},"178":{"start":{"line":179,"column":0},"end":{"line":179,"column":13}},"179":{"start":{"line":180,"column":0},"end":{"line":180,"column":36}},"180":{"start":{"line":181,"column":0},"end":{"line":181,"column":39}},"181":{"start":{"line":182,"column":0},"end":{"line":182,"column":48}},"182":{"start":{"line":183,"column":0},"end":{"line":183,"column":17}},"183":{"start":{"line":184,"column":0},"end":{"line":184,"column":51}},"184":{"start":{"line":185,"column":0},"end":{"line":185,"column":64}},"185":{"start":{"line":186,"column":0},"end":{"line":186,"column":10}},"186":{"start":{"line":187,"column":0},"end":{"line":187,"column":8}},"187":{"start":{"line":188,"column":0},"end":{"line":188,"column":13}},"188":{"start":{"line":189,"column":0},"end":{"line":189,"column":53}},"189":{"start":{"line":190,"column":0},"end":{"line":190,"column":27}},"190":{"start":{"line":191,"column":0},"end":{"line":191,"column":22}},"191":{"start":{"line":192,"column":0},"end":{"line":192,"column":31}},"192":{"start":{"line":193,"column":0},"end":{"line":193,"column":24}},"193":{"start":{"line":194,"column":0},"end":{"line":194,"column":44}},"194":{"start":{"line":195,"column":0},"end":{"line":195,"column":21}},"195":{"start":{"line":196,"column":0},"end":{"line":196,"column":64}},"196":{"start":{"line":197,"column":0},"end":{"line":197,"column":10}},"197":{"start":{"line":198,"column":0},"end":{"line":198,"column":8}},"198":{"start":{"line":199,"column":0},"end":{"line":199,"column":12}},"199":{"start":{"line":200,"column":0},"end":{"line":200,"column":31}},"200":{"start":{"line":201,"column":0},"end":{"line":201,"column":40}},"201":{"start":{"line":202,"column":0},"end":{"line":202,"column":31}},"202":{"start":{"line":203,"column":0},"end":{"line":203,"column":17}},"203":{"start":{"line":204,"column":0},"end":{"line":204,"column":56}},"204":{"start":{"line":205,"column":0},"end":{"line":205,"column":60}},"205":{"start":{"line":206,"column":0},"end":{"line":206,"column":56}},"206":{"start":{"line":207,"column":0},"end":{"line":207,"column":40}},"207":{"start":{"line":208,"column":0},"end":{"line":208,"column":77}},"208":{"start":{"line":209,"column":0},"end":{"line":209,"column":10}},"209":{"start":{"line":210,"column":0},"end":{"line":210,"column":8}},"210":{"start":{"line":211,"column":0},"end":{"line":211,"column":17}},"211":{"start":{"line":212,"column":0},"end":{"line":212,"column":26}},"212":{"start":{"line":213,"column":0},"end":{"line":213,"column":56}},"213":{"start":{"line":214,"column":0},"end":{"line":214,"column":41}},"214":{"start":{"line":215,"column":0},"end":{"line":215,"column":52}},"215":{"start":{"line":216,"column":0},"end":{"line":216,"column":43}},"216":{"start":{"line":217,"column":0},"end":{"line":217,"column":28}},"217":{"start":{"line":218,"column":0},"end":{"line":218,"column":24}},"218":{"start":{"line":219,"column":0},"end":{"line":219,"column":26}},"219":{"start":{"line":220,"column":0},"end":{"line":220,"column":44}},"220":{"start":{"line":221,"column":0},"end":{"line":221,"column":29}},"221":{"start":{"line":222,"column":0},"end":{"line":222,"column":35}},"222":{"start":{"line":223,"column":0},"end":{"line":223,"column":54}},"223":{"start":{"line":224,"column":0},"end":{"line":224,"column":74}},"224":{"start":{"line":225,"column":0},"end":{"line":225,"column":21}},"225":{"start":{"line":226,"column":0},"end":{"line":226,"column":72}},"226":{"start":{"line":227,"column":0},"end":{"line":227,"column":10}},"227":{"start":{"line":228,"column":0},"end":{"line":228,"column":17}},"228":{"start":{"line":229,"column":0},"end":{"line":229,"column":59}},"229":{"start":{"line":230,"column":0},"end":{"line":230,"column":40}},"230":{"start":{"line":231,"column":0},"end":{"line":231,"column":34}},"231":{"start":{"line":232,"column":0},"end":{"line":232,"column":60}},"232":{"start":{"line":233,"column":0},"end":{"line":233,"column":38}},"233":{"start":{"line":234,"column":0},"end":{"line":234,"column":61}},"234":{"start":{"line":235,"column":0},"end":{"line":235,"column":10}},"235":{"start":{"line":236,"column":0},"end":{"line":236,"column":8}},"236":{"start":{"line":237,"column":0},"end":{"line":237,"column":13}},"237":{"start":{"line":238,"column":0},"end":{"line":238,"column":33}},"238":{"start":{"line":239,"column":0},"end":{"line":239,"column":42}},"239":{"start":{"line":240,"column":0},"end":{"line":240,"column":46}},"240":{"start":{"line":241,"column":0},"end":{"line":241,"column":44}},"241":{"start":{"line":242,"column":0},"end":{"line":242,"column":17}},"242":{"start":{"line":243,"column":0},"end":{"line":243,"column":39}},"243":{"start":{"line":244,"column":0},"end":{"line":244,"column":51}},"244":{"start":{"line":245,"column":0},"end":{"line":245,"column":32}},"245":{"start":{"line":246,"column":0},"end":{"line":246,"column":55}},"246":{"start":{"line":247,"column":0},"end":{"line":247,"column":10}},"247":{"start":{"line":248,"column":0},"end":{"line":248,"column":8}},"248":{"start":{"line":249,"column":0},"end":{"line":249,"column":17}},"249":{"start":{"line":250,"column":0},"end":{"line":250,"column":39}},"250":{"start":{"line":251,"column":0},"end":{"line":251,"column":59}},"251":{"start":{"line":252,"column":0},"end":{"line":252,"column":54}},"252":{"start":{"line":253,"column":0},"end":{"line":253,"column":8}},"253":{"start":{"line":254,"column":0},"end":{"line":254,"column":6}},"254":{"start":{"line":255,"column":0},"end":{"line":255,"column":15}},"255":{"start":{"line":256,"column":0},"end":{"line":256,"column":15}},"256":{"start":{"line":257,"column":0},"end":{"line":257,"column":28}},"257":{"start":{"line":258,"column":0},"end":{"line":258,"column":36}},"258":{"start":{"line":259,"column":0},"end":{"line":259,"column":53}},"259":{"start":{"line":260,"column":0},"end":{"line":260,"column":47}},"260":{"start":{"line":261,"column":0},"end":{"line":261,"column":8}},"261":{"start":{"line":262,"column":0},"end":{"line":262,"column":16}},"262":{"start":{"line":263,"column":0},"end":{"line":263,"column":44}},"263":{"start":{"line":264,"column":0},"end":{"line":264,"column":24}},"264":{"start":{"line":265,"column":0},"end":{"line":265,"column":83}},"265":{"start":{"line":266,"column":0},"end":{"line":266,"column":17}},"266":{"start":{"line":267,"column":0},"end":{"line":267,"column":51}},"267":{"start":{"line":268,"column":0},"end":{"line":268,"column":10}},"268":{"start":{"line":269,"column":0},"end":{"line":269,"column":8}},"269":{"start":{"line":270,"column":0},"end":{"line":270,"column":17}},"270":{"start":{"line":271,"column":0},"end":{"line":271,"column":43}},"271":{"start":{"line":272,"column":0},"end":{"line":272,"column":24}},"272":{"start":{"line":273,"column":0},"end":{"line":273,"column":99}},"273":{"start":{"line":274,"column":0},"end":{"line":274,"column":17}},"274":{"start":{"line":275,"column":0},"end":{"line":275,"column":54}},"275":{"start":{"line":276,"column":0},"end":{"line":276,"column":10}},"276":{"start":{"line":277,"column":0},"end":{"line":277,"column":8}},"277":{"start":{"line":278,"column":0},"end":{"line":278,"column":17}},"278":{"start":{"line":279,"column":0},"end":{"line":279,"column":26}},"279":{"start":{"line":280,"column":0},"end":{"line":280,"column":54}},"280":{"start":{"line":281,"column":0},"end":{"line":281,"column":24}},"281":{"start":{"line":282,"column":0},"end":{"line":282,"column":96}},"282":{"start":{"line":283,"column":0},"end":{"line":283,"column":43}},"283":{"start":{"line":284,"column":0},"end":{"line":284,"column":57}},"284":{"start":{"line":285,"column":0},"end":{"line":285,"column":67}},"285":{"start":{"line":286,"column":0},"end":{"line":286,"column":33}},"286":{"start":{"line":287,"column":0},"end":{"line":287,"column":30}},"287":{"start":{"line":288,"column":0},"end":{"line":288,"column":25}},"288":{"start":{"line":289,"column":0},"end":{"line":289,"column":15}},"289":{"start":{"line":290,"column":0},"end":{"line":290,"column":107}},"290":{"start":{"line":291,"column":0},"end":{"line":291,"column":37}},"291":{"start":{"line":292,"column":0},"end":{"line":292,"column":17}},"292":{"start":{"line":293,"column":0},"end":{"line":293,"column":67}},"293":{"start":{"line":294,"column":0},"end":{"line":294,"column":64}},"294":{"start":{"line":295,"column":0},"end":{"line":295,"column":23}},"295":{"start":{"line":296,"column":0},"end":{"line":296,"column":72}},"296":{"start":{"line":297,"column":0},"end":{"line":297,"column":66}},"297":{"start":{"line":298,"column":0},"end":{"line":298,"column":59}},"298":{"start":{"line":299,"column":0},"end":{"line":299,"column":10}},"299":{"start":{"line":300,"column":0},"end":{"line":300,"column":8}},"300":{"start":{"line":301,"column":0},"end":{"line":301,"column":6}},"301":{"start":{"line":302,"column":0},"end":{"line":302,"column":11}},"302":{"start":{"line":303,"column":0},"end":{"line":303,"column":14}},"303":{"start":{"line":304,"column":0},"end":{"line":304,"column":28}},"304":{"start":{"line":305,"column":0},"end":{"line":305,"column":75}},"305":{"start":{"line":306,"column":0},"end":{"line":306,"column":23}},"306":{"start":{"line":307,"column":0},"end":{"line":307,"column":45}},"307":{"start":{"line":308,"column":0},"end":{"line":308,"column":33}},"308":{"start":{"line":309,"column":0},"end":{"line":309,"column":48}},"309":{"start":{"line":310,"column":0},"end":{"line":310,"column":31}},"310":{"start":{"line":311,"column":0},"end":{"line":311,"column":49}},"311":{"start":{"line":312,"column":0},"end":{"line":312,"column":29}},"312":{"start":{"line":313,"column":0},"end":{"line":313,"column":17}},"313":{"start":{"line":314,"column":0},"end":{"line":314,"column":44}},"314":{"start":{"line":315,"column":0},"end":{"line":315,"column":33}},"315":{"start":{"line":316,"column":0},"end":{"line":316,"column":41}},"316":{"start":{"line":317,"column":0},"end":{"line":317,"column":10}},"317":{"start":{"line":318,"column":0},"end":{"line":318,"column":8}},"318":{"start":{"line":319,"column":0},"end":{"line":319,"column":18}},"319":{"start":{"line":320,"column":0},"end":{"line":320,"column":50}},"320":{"start":{"line":321,"column":0},"end":{"line":321,"column":73}},"321":{"start":{"line":322,"column":0},"end":{"line":322,"column":42}},"322":{"start":{"line":323,"column":0},"end":{"line":323,"column":34}},"323":{"start":{"line":324,"column":0},"end":{"line":324,"column":35}},"324":{"start":{"line":325,"column":0},"end":{"line":325,"column":46}},"325":{"start":{"line":326,"column":0},"end":{"line":326,"column":46}},"326":{"start":{"line":327,"column":0},"end":{"line":327,"column":8}},"327":{"start":{"line":328,"column":0},"end":{"line":328,"column":17}},"328":{"start":{"line":329,"column":0},"end":{"line":329,"column":33}},"329":{"start":{"line":330,"column":0},"end":{"line":330,"column":78}},"330":{"start":{"line":331,"column":0},"end":{"line":331,"column":32}},"331":{"start":{"line":332,"column":0},"end":{"line":332,"column":43}},"332":{"start":{"line":333,"column":0},"end":{"line":333,"column":23}},"333":{"start":{"line":334,"column":0},"end":{"line":334,"column":45}},"334":{"start":{"line":335,"column":0},"end":{"line":335,"column":44}},"335":{"start":{"line":336,"column":0},"end":{"line":336,"column":45}},"336":{"start":{"line":337,"column":0},"end":{"line":337,"column":33}},"337":{"start":{"line":338,"column":0},"end":{"line":338,"column":53}},"338":{"start":{"line":339,"column":0},"end":{"line":339,"column":42}},"339":{"start":{"line":340,"column":0},"end":{"line":340,"column":34}},"340":{"start":{"line":341,"column":0},"end":{"line":341,"column":49}},"341":{"start":{"line":342,"column":0},"end":{"line":342,"column":31}},"342":{"start":{"line":343,"column":0},"end":{"line":343,"column":17}},"343":{"start":{"line":344,"column":0},"end":{"line":344,"column":47}},"344":{"start":{"line":345,"column":0},"end":{"line":345,"column":43}},"345":{"start":{"line":346,"column":0},"end":{"line":346,"column":10}},"346":{"start":{"line":347,"column":0},"end":{"line":347,"column":8}},"347":{"start":{"line":348,"column":0},"end":{"line":348,"column":23}},"348":{"start":{"line":349,"column":0},"end":{"line":349,"column":39}},"349":{"start":{"line":350,"column":0},"end":{"line":350,"column":20}},"350":{"start":{"line":351,"column":0},"end":{"line":351,"column":73}},"351":{"start":{"line":352,"column":0},"end":{"line":352,"column":23}},"352":{"start":{"line":353,"column":0},"end":{"line":353,"column":45}},"353":{"start":{"line":354,"column":0},"end":{"line":354,"column":36}},"354":{"start":{"line":355,"column":0},"end":{"line":355,"column":34}},"355":{"start":{"line":356,"column":0},"end":{"line":356,"column":45}},"356":{"start":{"line":357,"column":0},"end":{"line":357,"column":17}},"357":{"start":{"line":358,"column":0},"end":{"line":358,"column":55}},"358":{"start":{"line":359,"column":0},"end":{"line":359,"column":39}},"359":{"start":{"line":360,"column":0},"end":{"line":360,"column":10}},"360":{"start":{"line":361,"column":0},"end":{"line":361,"column":8}},"361":{"start":{"line":362,"column":0},"end":{"line":362,"column":22}},"362":{"start":{"line":363,"column":0},"end":{"line":363,"column":47}},"363":{"start":{"line":364,"column":0},"end":{"line":364,"column":57}},"364":{"start":{"line":365,"column":0},"end":{"line":365,"column":44}},"365":{"start":{"line":366,"column":0},"end":{"line":366,"column":64}},"366":{"start":{"line":367,"column":0},"end":{"line":367,"column":41}},"367":{"start":{"line":368,"column":0},"end":{"line":368,"column":48}},"368":{"start":{"line":369,"column":0},"end":{"line":369,"column":17}},"369":{"start":{"line":370,"column":0},"end":{"line":370,"column":61}},"370":{"start":{"line":371,"column":0},"end":{"line":371,"column":48}},"371":{"start":{"line":372,"column":0},"end":{"line":372,"column":10}},"372":{"start":{"line":373,"column":0},"end":{"line":373,"column":8}},"373":{"start":{"line":374,"column":0},"end":{"line":374,"column":19}},"374":{"start":{"line":375,"column":0},"end":{"line":375,"column":47}},"375":{"start":{"line":376,"column":0},"end":{"line":376,"column":55}},"376":{"start":{"line":377,"column":0},"end":{"line":377,"column":55}},"377":{"start":{"line":378,"column":0},"end":{"line":378,"column":46}},"378":{"start":{"line":379,"column":0},"end":{"line":379,"column":75}},"379":{"start":{"line":380,"column":0},"end":{"line":380,"column":66}},"380":{"start":{"line":381,"column":0},"end":{"line":381,"column":24}},"381":{"start":{"line":382,"column":0},"end":{"line":382,"column":71}},"382":{"start":{"line":383,"column":0},"end":{"line":383,"column":68}},"383":{"start":{"line":384,"column":0},"end":{"line":384,"column":8}},"384":{"start":{"line":385,"column":0},"end":{"line":385,"column":6}},"385":{"start":{"line":386,"column":0},"end":{"line":386,"column":4}},"386":{"start":{"line":387,"column":0},"end":{"line":387,"column":7}},"387":{"start":{"line":388,"column":0},"end":{"line":388,"column":13}},"388":{"start":{"line":389,"column":0},"end":{"line":389,"column":28}},"389":{"start":{"line":390,"column":0},"end":{"line":390,"column":27}},"390":{"start":{"line":391,"column":0},"end":{"line":391,"column":23}},"391":{"start":{"line":392,"column":0},"end":{"line":392,"column":25}},"392":{"start":{"line":393,"column":0},"end":{"line":393,"column":19}},"393":{"start":{"line":394,"column":0},"end":{"line":394,"column":23}},"394":{"start":{"line":395,"column":0},"end":{"line":395,"column":17}},"395":{"start":{"line":396,"column":0},"end":{"line":396,"column":18}},"396":{"start":{"line":397,"column":0},"end":{"line":397,"column":17}},"397":{"start":{"line":398,"column":0},"end":{"line":398,"column":17}},"398":{"start":{"line":399,"column":0},"end":{"line":399,"column":8}},"399":{"start":{"line":400,"column":0},"end":{"line":400,"column":6}},"400":{"start":{"line":401,"column":0},"end":{"line":401,"column":12}},"401":{"start":{"line":402,"column":0},"end":{"line":402,"column":24}},"402":{"start":{"line":403,"column":0},"end":{"line":403,"column":37}},"403":{"start":{"line":404,"column":0},"end":{"line":404,"column":6}},"404":{"start":{"line":405,"column":0},"end":{"line":405,"column":14}},"405":{"start":{"line":406,"column":0},"end":{"line":406,"column":29}},"406":{"start":{"line":407,"column":0},"end":{"line":407,"column":25}},"407":{"start":{"line":408,"column":0},"end":{"line":408,"column":27}},"408":{"start":{"line":409,"column":0},"end":{"line":409,"column":27}},"409":{"start":{"line":410,"column":0},"end":{"line":410,"column":29}},"410":{"start":{"line":411,"column":0},"end":{"line":411,"column":23}},"411":{"start":{"line":412,"column":0},"end":{"line":412,"column":34}},"412":{"start":{"line":413,"column":0},"end":{"line":413,"column":25}},"413":{"start":{"line":414,"column":0},"end":{"line":414,"column":27}},"414":{"start":{"line":415,"column":0},"end":{"line":415,"column":19}},"415":{"start":{"line":416,"column":0},"end":{"line":416,"column":23}},"416":{"start":{"line":417,"column":0},"end":{"line":417,"column":38}},"417":{"start":{"line":418,"column":0},"end":{"line":418,"column":34}},"418":{"start":{"line":419,"column":0},"end":{"line":419,"column":6}},"419":{"start":{"line":420,"column":0},"end":{"line":420,"column":13}},"420":{"start":{"line":421,"column":0},"end":{"line":421,"column":34}},"421":{"start":{"line":422,"column":0},"end":{"line":422,"column":37}},"422":{"start":{"line":423,"column":0},"end":{"line":423,"column":28}},"423":{"start":{"line":424,"column":0},"end":{"line":424,"column":6}},"424":{"start":{"line":425,"column":0},"end":{"line":425,"column":9}},"425":{"start":{"line":426,"column":0},"end":{"line":426,"column":15}},"426":{"start":{"line":427,"column":0},"end":{"line":427,"column":23}},"427":{"start":{"line":428,"column":0},"end":{"line":428,"column":8}},"428":{"start":{"line":429,"column":0},"end":{"line":429,"column":19}},"429":{"start":{"line":430,"column":0},"end":{"line":430,"column":29}},"430":{"start":{"line":431,"column":0},"end":{"line":431,"column":21}},"431":{"start":{"line":432,"column":0},"end":{"line":432,"column":23}},"432":{"start":{"line":433,"column":0},"end":{"line":433,"column":21}},"433":{"start":{"line":434,"column":0},"end":{"line":434,"column":32}},"434":{"start":{"line":435,"column":0},"end":{"line":435,"column":48}},"435":{"start":{"line":436,"column":0},"end":{"line":436,"column":40}},"436":{"start":{"line":437,"column":0},"end":{"line":437,"column":42}},"437":{"start":{"line":438,"column":0},"end":{"line":438,"column":40}},"438":{"start":{"line":439,"column":0},"end":{"line":439,"column":8}},"439":{"start":{"line":440,"column":0},"end":{"line":440,"column":6}},"440":{"start":{"line":441,"column":0},"end":{"line":441,"column":21}},"441":{"start":{"line":442,"column":0},"end":{"line":442,"column":33}},"442":{"start":{"line":443,"column":0},"end":{"line":443,"column":55}},"443":{"start":{"line":444,"column":0},"end":{"line":444,"column":37}},"444":{"start":{"line":445,"column":0},"end":{"line":445,"column":30}},"445":{"start":{"line":446,"column":0},"end":{"line":446,"column":37}},"446":{"start":{"line":447,"column":0},"end":{"line":447,"column":29}},"447":{"start":{"line":448,"column":0},"end":{"line":448,"column":27}},"448":{"start":{"line":449,"column":0},"end":{"line":449,"column":6}},"449":{"start":{"line":450,"column":0},"end":{"line":450,"column":16}},"450":{"start":{"line":451,"column":0},"end":{"line":451,"column":25}},"451":{"start":{"line":452,"column":0},"end":{"line":452,"column":16}},"452":{"start":{"line":453,"column":0},"end":{"line":453,"column":23}},"453":{"start":{"line":454,"column":0},"end":{"line":454,"column":33}},"454":{"start":{"line":455,"column":0},"end":{"line":455,"column":42}},"455":{"start":{"line":456,"column":0},"end":{"line":456,"column":10}},"456":{"start":{"line":457,"column":0},"end":{"line":457,"column":25}},"457":{"start":{"line":458,"column":0},"end":{"line":458,"column":35}},"458":{"start":{"line":459,"column":0},"end":{"line":459,"column":37}},"459":{"start":{"line":460,"column":0},"end":{"line":460,"column":10}},"460":{"start":{"line":461,"column":0},"end":{"line":461,"column":26}},"461":{"start":{"line":462,"column":0},"end":{"line":462,"column":36}},"462":{"start":{"line":463,"column":0},"end":{"line":463,"column":43}},"463":{"start":{"line":464,"column":0},"end":{"line":464,"column":10}},"464":{"start":{"line":465,"column":0},"end":{"line":465,"column":25}},"465":{"start":{"line":466,"column":0},"end":{"line":466,"column":35}},"466":{"start":{"line":467,"column":0},"end":{"line":467,"column":38}},"467":{"start":{"line":468,"column":0},"end":{"line":468,"column":10}},"468":{"start":{"line":469,"column":0},"end":{"line":469,"column":8}},"469":{"start":{"line":470,"column":0},"end":{"line":470,"column":23}},"470":{"start":{"line":471,"column":0},"end":{"line":471,"column":33}},"471":{"start":{"line":472,"column":0},"end":{"line":472,"column":46}},"472":{"start":{"line":473,"column":0},"end":{"line":473,"column":8}},"473":{"start":{"line":474,"column":0},"end":{"line":474,"column":26}},"474":{"start":{"line":475,"column":0},"end":{"line":475,"column":36}},"475":{"start":{"line":476,"column":0},"end":{"line":476,"column":40}},"476":{"start":{"line":477,"column":0},"end":{"line":477,"column":25}},"477":{"start":{"line":478,"column":0},"end":{"line":478,"column":89}},"478":{"start":{"line":479,"column":0},"end":{"line":479,"column":8}},"479":{"start":{"line":480,"column":0},"end":{"line":480,"column":6}},"480":{"start":{"line":481,"column":0},"end":{"line":481,"column":14}},"481":{"start":{"line":482,"column":0},"end":{"line":482,"column":15}},"482":{"start":{"line":483,"column":0},"end":{"line":483,"column":26}},"483":{"start":{"line":484,"column":0},"end":{"line":484,"column":25}},"484":{"start":{"line":485,"column":0},"end":{"line":485,"column":29}},"485":{"start":{"line":486,"column":0},"end":{"line":486,"column":21}},"486":{"start":{"line":487,"column":0},"end":{"line":487,"column":29}},"487":{"start":{"line":488,"column":0},"end":{"line":488,"column":8}},"488":{"start":{"line":489,"column":0},"end":{"line":489,"column":14}},"489":{"start":{"line":490,"column":0},"end":{"line":490,"column":31}},"490":{"start":{"line":491,"column":0},"end":{"line":491,"column":21}},"491":{"start":{"line":492,"column":0},"end":{"line":492,"column":23}},"492":{"start":{"line":493,"column":0},"end":{"line":493,"column":25}},"493":{"start":{"line":494,"column":0},"end":{"line":494,"column":27}},"494":{"start":{"line":495,"column":0},"end":{"line":495,"column":8}},"495":{"start":{"line":496,"column":0},"end":{"line":496,"column":13}},"496":{"start":{"line":497,"column":0},"end":{"line":497,"column":25}},"497":{"start":{"line":498,"column":0},"end":{"line":498,"column":47}},"498":{"start":{"line":499,"column":0},"end":{"line":499,"column":36}},"499":{"start":{"line":500,"column":0},"end":{"line":500,"column":35}},"500":{"start":{"line":501,"column":0},"end":{"line":501,"column":35}},"501":{"start":{"line":502,"column":0},"end":{"line":502,"column":35}},"502":{"start":{"line":503,"column":0},"end":{"line":503,"column":34}},"503":{"start":{"line":504,"column":0},"end":{"line":504,"column":35}},"504":{"start":{"line":505,"column":0},"end":{"line":505,"column":39}},"505":{"start":{"line":506,"column":0},"end":{"line":506,"column":25}},"506":{"start":{"line":507,"column":0},"end":{"line":507,"column":85}},"507":{"start":{"line":508,"column":0},"end":{"line":508,"column":45}},"508":{"start":{"line":509,"column":0},"end":{"line":509,"column":36}},"509":{"start":{"line":510,"column":0},"end":{"line":510,"column":34}},"510":{"start":{"line":511,"column":0},"end":{"line":511,"column":40}},"511":{"start":{"line":512,"column":0},"end":{"line":512,"column":77}},"512":{"start":{"line":513,"column":0},"end":{"line":513,"column":8}},"513":{"start":{"line":514,"column":0},"end":{"line":514,"column":15}},"514":{"start":{"line":515,"column":0},"end":{"line":515,"column":41}},"515":{"start":{"line":516,"column":0},"end":{"line":516,"column":21}},"516":{"start":{"line":517,"column":0},"end":{"line":517,"column":43}},"517":{"start":{"line":518,"column":0},"end":{"line":518,"column":40}},"518":{"start":{"line":519,"column":0},"end":{"line":519,"column":40}},"519":{"start":{"line":520,"column":0},"end":{"line":520,"column":45}},"520":{"start":{"line":521,"column":0},"end":{"line":521,"column":33}},"521":{"start":{"line":522,"column":0},"end":{"line":522,"column":125}},"522":{"start":{"line":523,"column":0},"end":{"line":523,"column":45}},"523":{"start":{"line":524,"column":0},"end":{"line":524,"column":33}},"524":{"start":{"line":525,"column":0},"end":{"line":525,"column":69}},"525":{"start":{"line":526,"column":0},"end":{"line":526,"column":35}},"526":{"start":{"line":527,"column":0},"end":{"line":527,"column":48}},"527":{"start":{"line":528,"column":0},"end":{"line":528,"column":27}},"528":{"start":{"line":529,"column":0},"end":{"line":529,"column":41}},"529":{"start":{"line":530,"column":0},"end":{"line":530,"column":23}},"530":{"start":{"line":531,"column":0},"end":{"line":531,"column":55}},"531":{"start":{"line":532,"column":0},"end":{"line":532,"column":15}},"532":{"start":{"line":533,"column":0},"end":{"line":533,"column":29}},"533":{"start":{"line":534,"column":0},"end":{"line":534,"column":31}},"534":{"start":{"line":535,"column":0},"end":{"line":535,"column":31}},"535":{"start":{"line":536,"column":0},"end":{"line":536,"column":10}},"536":{"start":{"line":537,"column":0},"end":{"line":537,"column":17}},"537":{"start":{"line":538,"column":0},"end":{"line":538,"column":54}},"538":{"start":{"line":539,"column":0},"end":{"line":539,"column":59}},"539":{"start":{"line":540,"column":0},"end":{"line":540,"column":51}},"540":{"start":{"line":541,"column":0},"end":{"line":541,"column":52}},"541":{"start":{"line":542,"column":0},"end":{"line":542,"column":51}},"542":{"start":{"line":543,"column":0},"end":{"line":543,"column":52}},"543":{"start":{"line":544,"column":0},"end":{"line":544,"column":10}},"544":{"start":{"line":545,"column":0},"end":{"line":545,"column":8}},"545":{"start":{"line":546,"column":0},"end":{"line":546,"column":21}},"546":{"start":{"line":547,"column":0},"end":{"line":547,"column":32}},"547":{"start":{"line":548,"column":0},"end":{"line":548,"column":39}},"548":{"start":{"line":549,"column":0},"end":{"line":549,"column":70}},"549":{"start":{"line":550,"column":0},"end":{"line":550,"column":34}},"550":{"start":{"line":551,"column":0},"end":{"line":551,"column":38}},"551":{"start":{"line":552,"column":0},"end":{"line":552,"column":17}},"552":{"start":{"line":553,"column":0},"end":{"line":553,"column":49}},"553":{"start":{"line":554,"column":0},"end":{"line":554,"column":44}},"554":{"start":{"line":555,"column":0},"end":{"line":555,"column":10}},"555":{"start":{"line":556,"column":0},"end":{"line":556,"column":8}},"556":{"start":{"line":557,"column":0},"end":{"line":557,"column":13}},"557":{"start":{"line":558,"column":0},"end":{"line":558,"column":29}},"558":{"start":{"line":559,"column":0},"end":{"line":559,"column":37}},"559":{"start":{"line":560,"column":0},"end":{"line":560,"column":38}},"560":{"start":{"line":561,"column":0},"end":{"line":561,"column":17}},"561":{"start":{"line":562,"column":0},"end":{"line":562,"column":49}},"562":{"start":{"line":563,"column":0},"end":{"line":563,"column":50}},"563":{"start":{"line":564,"column":0},"end":{"line":564,"column":10}},"564":{"start":{"line":565,"column":0},"end":{"line":565,"column":8}},"565":{"start":{"line":566,"column":0},"end":{"line":566,"column":13}},"566":{"start":{"line":567,"column":0},"end":{"line":567,"column":51}},"567":{"start":{"line":568,"column":0},"end":{"line":568,"column":23}},"568":{"start":{"line":569,"column":0},"end":{"line":569,"column":21}},"569":{"start":{"line":570,"column":0},"end":{"line":570,"column":28}},"570":{"start":{"line":571,"column":0},"end":{"line":571,"column":27}},"571":{"start":{"line":572,"column":0},"end":{"line":572,"column":34}},"572":{"start":{"line":573,"column":0},"end":{"line":573,"column":21}},"573":{"start":{"line":574,"column":0},"end":{"line":574,"column":56}},"574":{"start":{"line":575,"column":0},"end":{"line":575,"column":10}},"575":{"start":{"line":576,"column":0},"end":{"line":576,"column":8}},"576":{"start":{"line":577,"column":0},"end":{"line":577,"column":12}},"577":{"start":{"line":578,"column":0},"end":{"line":578,"column":29}},"578":{"start":{"line":579,"column":0},"end":{"line":579,"column":34}},"579":{"start":{"line":580,"column":0},"end":{"line":580,"column":29}},"580":{"start":{"line":581,"column":0},"end":{"line":581,"column":17}},"581":{"start":{"line":582,"column":0},"end":{"line":582,"column":57}},"582":{"start":{"line":583,"column":0},"end":{"line":583,"column":51}},"583":{"start":{"line":584,"column":0},"end":{"line":584,"column":57}},"584":{"start":{"line":585,"column":0},"end":{"line":585,"column":40}},"585":{"start":{"line":586,"column":0},"end":{"line":586,"column":78}},"586":{"start":{"line":587,"column":0},"end":{"line":587,"column":10}},"587":{"start":{"line":588,"column":0},"end":{"line":588,"column":8}},"588":{"start":{"line":589,"column":0},"end":{"line":589,"column":17}},"589":{"start":{"line":590,"column":0},"end":{"line":590,"column":26}},"590":{"start":{"line":591,"column":0},"end":{"line":591,"column":56}},"591":{"start":{"line":592,"column":0},"end":{"line":592,"column":34}},"592":{"start":{"line":593,"column":0},"end":{"line":593,"column":41}},"593":{"start":{"line":594,"column":0},"end":{"line":594,"column":36}},"594":{"start":{"line":595,"column":0},"end":{"line":595,"column":32}},"595":{"start":{"line":596,"column":0},"end":{"line":596,"column":30}},"596":{"start":{"line":597,"column":0},"end":{"line":597,"column":29}},"597":{"start":{"line":598,"column":0},"end":{"line":598,"column":42}},"598":{"start":{"line":599,"column":0},"end":{"line":599,"column":27}},"599":{"start":{"line":600,"column":0},"end":{"line":600,"column":36}},"600":{"start":{"line":601,"column":0},"end":{"line":601,"column":52}},"601":{"start":{"line":602,"column":0},"end":{"line":602,"column":76}},"602":{"start":{"line":603,"column":0},"end":{"line":603,"column":21}},"603":{"start":{"line":604,"column":0},"end":{"line":604,"column":67}},"604":{"start":{"line":605,"column":0},"end":{"line":605,"column":10}},"605":{"start":{"line":606,"column":0},"end":{"line":606,"column":17}},"606":{"start":{"line":607,"column":0},"end":{"line":607,"column":48}},"607":{"start":{"line":608,"column":0},"end":{"line":608,"column":37}},"608":{"start":{"line":609,"column":0},"end":{"line":609,"column":33}},"609":{"start":{"line":610,"column":0},"end":{"line":610,"column":47}},"610":{"start":{"line":611,"column":0},"end":{"line":611,"column":37}},"611":{"start":{"line":612,"column":0},"end":{"line":612,"column":51}},"612":{"start":{"line":613,"column":0},"end":{"line":613,"column":10}},"613":{"start":{"line":614,"column":0},"end":{"line":614,"column":8}},"614":{"start":{"line":615,"column":0},"end":{"line":615,"column":13}},"615":{"start":{"line":616,"column":0},"end":{"line":616,"column":26}},"616":{"start":{"line":617,"column":0},"end":{"line":617,"column":40}},"617":{"start":{"line":618,"column":0},"end":{"line":618,"column":44}},"618":{"start":{"line":619,"column":0},"end":{"line":619,"column":40}},"619":{"start":{"line":620,"column":0},"end":{"line":620,"column":17}},"620":{"start":{"line":621,"column":0},"end":{"line":621,"column":38}},"621":{"start":{"line":622,"column":0},"end":{"line":622,"column":41}},"622":{"start":{"line":623,"column":0},"end":{"line":623,"column":33}},"623":{"start":{"line":624,"column":0},"end":{"line":624,"column":47}},"624":{"start":{"line":625,"column":0},"end":{"line":625,"column":10}},"625":{"start":{"line":626,"column":0},"end":{"line":626,"column":8}},"626":{"start":{"line":627,"column":0},"end":{"line":627,"column":17}},"627":{"start":{"line":628,"column":0},"end":{"line":628,"column":35}},"628":{"start":{"line":629,"column":0},"end":{"line":629,"column":62}},"629":{"start":{"line":630,"column":0},"end":{"line":630,"column":46}},"630":{"start":{"line":631,"column":0},"end":{"line":631,"column":8}},"631":{"start":{"line":632,"column":0},"end":{"line":632,"column":6}},"632":{"start":{"line":633,"column":0},"end":{"line":633,"column":15}},"633":{"start":{"line":634,"column":0},"end":{"line":634,"column":15}},"634":{"start":{"line":635,"column":0},"end":{"line":635,"column":26}},"635":{"start":{"line":636,"column":0},"end":{"line":636,"column":28}},"636":{"start":{"line":637,"column":0},"end":{"line":637,"column":36}},"637":{"start":{"line":638,"column":0},"end":{"line":638,"column":38}},"638":{"start":{"line":639,"column":0},"end":{"line":639,"column":8}},"639":{"start":{"line":640,"column":0},"end":{"line":640,"column":16}},"640":{"start":{"line":641,"column":0},"end":{"line":641,"column":41}},"641":{"start":{"line":642,"column":0},"end":{"line":642,"column":24}},"642":{"start":{"line":643,"column":0},"end":{"line":643,"column":71}},"643":{"start":{"line":644,"column":0},"end":{"line":644,"column":17}},"644":{"start":{"line":645,"column":0},"end":{"line":645,"column":50}},"645":{"start":{"line":646,"column":0},"end":{"line":646,"column":10}},"646":{"start":{"line":647,"column":0},"end":{"line":647,"column":8}},"647":{"start":{"line":648,"column":0},"end":{"line":648,"column":17}},"648":{"start":{"line":649,"column":0},"end":{"line":649,"column":39}},"649":{"start":{"line":650,"column":0},"end":{"line":650,"column":24}},"650":{"start":{"line":651,"column":0},"end":{"line":651,"column":88}},"651":{"start":{"line":652,"column":0},"end":{"line":652,"column":17}},"652":{"start":{"line":653,"column":0},"end":{"line":653,"column":60}},"653":{"start":{"line":654,"column":0},"end":{"line":654,"column":10}},"654":{"start":{"line":655,"column":0},"end":{"line":655,"column":8}},"655":{"start":{"line":656,"column":0},"end":{"line":656,"column":17}},"656":{"start":{"line":657,"column":0},"end":{"line":657,"column":26}},"657":{"start":{"line":658,"column":0},"end":{"line":658,"column":47}},"658":{"start":{"line":659,"column":0},"end":{"line":659,"column":24}},"659":{"start":{"line":660,"column":0},"end":{"line":660,"column":93}},"660":{"start":{"line":661,"column":0},"end":{"line":661,"column":39}},"661":{"start":{"line":662,"column":0},"end":{"line":662,"column":54}},"662":{"start":{"line":663,"column":0},"end":{"line":663,"column":58}},"663":{"start":{"line":664,"column":0},"end":{"line":664,"column":29}},"664":{"start":{"line":665,"column":0},"end":{"line":665,"column":27}},"665":{"start":{"line":666,"column":0},"end":{"line":666,"column":25}},"666":{"start":{"line":667,"column":0},"end":{"line":667,"column":15}},"667":{"start":{"line":668,"column":0},"end":{"line":668,"column":92}},"668":{"start":{"line":669,"column":0},"end":{"line":669,"column":34}},"669":{"start":{"line":670,"column":0},"end":{"line":670,"column":17}},"670":{"start":{"line":671,"column":0},"end":{"line":671,"column":61}},"671":{"start":{"line":672,"column":0},"end":{"line":672,"column":56}},"672":{"start":{"line":673,"column":0},"end":{"line":673,"column":23}},"673":{"start":{"line":674,"column":0},"end":{"line":674,"column":72}},"674":{"start":{"line":675,"column":0},"end":{"line":675,"column":57}},"675":{"start":{"line":676,"column":0},"end":{"line":676,"column":49}},"676":{"start":{"line":677,"column":0},"end":{"line":677,"column":10}},"677":{"start":{"line":678,"column":0},"end":{"line":678,"column":8}},"678":{"start":{"line":679,"column":0},"end":{"line":679,"column":6}},"679":{"start":{"line":680,"column":0},"end":{"line":680,"column":11}},"680":{"start":{"line":681,"column":0},"end":{"line":681,"column":14}},"681":{"start":{"line":682,"column":0},"end":{"line":682,"column":30}},"682":{"start":{"line":683,"column":0},"end":{"line":683,"column":69}},"683":{"start":{"line":684,"column":0},"end":{"line":684,"column":23}},"684":{"start":{"line":685,"column":0},"end":{"line":685,"column":45}},"685":{"start":{"line":686,"column":0},"end":{"line":686,"column":29}},"686":{"start":{"line":687,"column":0},"end":{"line":687,"column":43}},"687":{"start":{"line":688,"column":0},"end":{"line":688,"column":26}},"688":{"start":{"line":689,"column":0},"end":{"line":689,"column":44}},"689":{"start":{"line":690,"column":0},"end":{"line":690,"column":26}},"690":{"start":{"line":691,"column":0},"end":{"line":691,"column":17}},"691":{"start":{"line":692,"column":0},"end":{"line":692,"column":49}},"692":{"start":{"line":693,"column":0},"end":{"line":693,"column":35}},"693":{"start":{"line":694,"column":0},"end":{"line":694,"column":33}},"694":{"start":{"line":695,"column":0},"end":{"line":695,"column":10}},"695":{"start":{"line":696,"column":0},"end":{"line":696,"column":8}},"696":{"start":{"line":697,"column":0},"end":{"line":697,"column":18}},"697":{"start":{"line":698,"column":0},"end":{"line":698,"column":43}},"698":{"start":{"line":699,"column":0},"end":{"line":699,"column":75}},"699":{"start":{"line":700,"column":0},"end":{"line":700,"column":39}},"700":{"start":{"line":701,"column":0},"end":{"line":701,"column":34}},"701":{"start":{"line":702,"column":0},"end":{"line":702,"column":30}},"702":{"start":{"line":703,"column":0},"end":{"line":703,"column":48}},"703":{"start":{"line":704,"column":0},"end":{"line":704,"column":42}},"704":{"start":{"line":705,"column":0},"end":{"line":705,"column":8}},"705":{"start":{"line":706,"column":0},"end":{"line":706,"column":17}},"706":{"start":{"line":707,"column":0},"end":{"line":707,"column":35}},"707":{"start":{"line":708,"column":0},"end":{"line":708,"column":73}},"708":{"start":{"line":709,"column":0},"end":{"line":709,"column":30}},"709":{"start":{"line":710,"column":0},"end":{"line":710,"column":40}},"710":{"start":{"line":711,"column":0},"end":{"line":711,"column":23}},"711":{"start":{"line":712,"column":0},"end":{"line":712,"column":45}},"712":{"start":{"line":713,"column":0},"end":{"line":713,"column":38}},"713":{"start":{"line":714,"column":0},"end":{"line":714,"column":45}},"714":{"start":{"line":715,"column":0},"end":{"line":715,"column":29}},"715":{"start":{"line":716,"column":0},"end":{"line":716,"column":44}},"716":{"start":{"line":717,"column":0},"end":{"line":717,"column":40}},"717":{"start":{"line":718,"column":0},"end":{"line":718,"column":33}},"718":{"start":{"line":719,"column":0},"end":{"line":719,"column":47}},"719":{"start":{"line":720,"column":0},"end":{"line":720,"column":26}},"720":{"start":{"line":721,"column":0},"end":{"line":721,"column":17}},"721":{"start":{"line":722,"column":0},"end":{"line":722,"column":51}},"722":{"start":{"line":723,"column":0},"end":{"line":723,"column":40}},"723":{"start":{"line":724,"column":0},"end":{"line":724,"column":10}},"724":{"start":{"line":725,"column":0},"end":{"line":725,"column":8}},"725":{"start":{"line":726,"column":0},"end":{"line":726,"column":23}},"726":{"start":{"line":727,"column":0},"end":{"line":727,"column":34}},"727":{"start":{"line":728,"column":0},"end":{"line":728,"column":20}},"728":{"start":{"line":729,"column":0},"end":{"line":729,"column":78}},"729":{"start":{"line":730,"column":0},"end":{"line":730,"column":23}},"730":{"start":{"line":731,"column":0},"end":{"line":731,"column":45}},"731":{"start":{"line":732,"column":0},"end":{"line":732,"column":35}},"732":{"start":{"line":733,"column":0},"end":{"line":733,"column":34}},"733":{"start":{"line":734,"column":0},"end":{"line":734,"column":37}},"734":{"start":{"line":735,"column":0},"end":{"line":735,"column":17}},"735":{"start":{"line":736,"column":0},"end":{"line":736,"column":38}},"736":{"start":{"line":737,"column":0},"end":{"line":737,"column":35}},"737":{"start":{"line":738,"column":0},"end":{"line":738,"column":10}},"738":{"start":{"line":739,"column":0},"end":{"line":739,"column":8}},"739":{"start":{"line":740,"column":0},"end":{"line":740,"column":22}},"740":{"start":{"line":741,"column":0},"end":{"line":741,"column":32}},"741":{"start":{"line":742,"column":0},"end":{"line":742,"column":53}},"742":{"start":{"line":743,"column":0},"end":{"line":743,"column":36}},"743":{"start":{"line":744,"column":0},"end":{"line":744,"column":51}},"744":{"start":{"line":745,"column":0},"end":{"line":745,"column":34}},"745":{"start":{"line":746,"column":0},"end":{"line":746,"column":33}},"746":{"start":{"line":747,"column":0},"end":{"line":747,"column":17}},"747":{"start":{"line":748,"column":0},"end":{"line":748,"column":50}},"748":{"start":{"line":749,"column":0},"end":{"line":749,"column":33}},"749":{"start":{"line":750,"column":0},"end":{"line":750,"column":10}},"750":{"start":{"line":751,"column":0},"end":{"line":751,"column":8}},"751":{"start":{"line":752,"column":0},"end":{"line":752,"column":19}},"752":{"start":{"line":753,"column":0},"end":{"line":753,"column":46}},"753":{"start":{"line":754,"column":0},"end":{"line":754,"column":49}},"754":{"start":{"line":755,"column":0},"end":{"line":755,"column":44}},"755":{"start":{"line":756,"column":0},"end":{"line":756,"column":41}},"756":{"start":{"line":757,"column":0},"end":{"line":757,"column":62}},"757":{"start":{"line":758,"column":0},"end":{"line":758,"column":58}},"758":{"start":{"line":759,"column":0},"end":{"line":7
[...]
":42},"end":{"line":245,"column":69}},"locations":[{"start":{"line":245,"column":42},"end":{"line":245,"column":69}}]},"43":{"type":"branch","line":250,"loc":{"start":{"line":250,"column":4},"end":{"line":253,"column":5}},"locations":[{"start":{"line":250,"column":4},"end":{"line":253,"column":5}}]},"44":{"type":"branch","line":256,"loc":{"start":{"line":256,"column":16},"end":{"line":291,"column":4}},"locations":[{"start":{"line":256,"column":16},"end":{"line":291,"column":4}}]},"45":{"type":"branch","line":259,"loc":{"start":{"line":259,"column":72},"end":{"line":264,"column":36}},"locations":[{"start":{"line":259,"column":72},"end":{"line":264,"column":36}}]},"46":{"type":"branch","line":264,"loc":{"start":{"line":264,"column":34},"end":{"line":269,"column":13}},"locations":[{"start":{"line":264,"column":34},"end":{"line":269,"column":13}}]},"47":{"type":"branch","line":269,"loc":{"start":{"line":269,"column":12},"end":{"line":270,"column":20}},"locations":[{"start":{"line":269,"column":12},"end":{"line":270,"column":20}}]},"48":{"type":"branch","line":287,"loc":{"start":{"line":287,"column":4},"end":{"line":290,"column":5}},"locations":[{"start":{"line":287,"column":4},"end":{"line":290,"column":5}}]},"49":{"type":"branch","line":274,"loc":{"start":{"line":274,"column":33},"end":{"line":281,"column":19}},"locations":[{"start":{"line":274,"column":33},"end":{"line":281,"column":19}}]},"50":{"type":"branch","line":280,"loc":{"start":{"line":280,"column":14},"end":{"line":281,"column":19}},"locations":[{"start":{"line":280,"column":14},"end":{"line":281,"column":19}}]}},"b":{"0":[5],"1":[1],"2":[4],"3":[4],"4":[1],"5":[3],"6":[2],"7":[1],"8":[1],"9":[1],"10":[1],"11":[1],"12":[1],"13":[1],"14":[1],"15":[0],"16":[2],"17":[1],"18":[2],"19":[1],"20":[1],"21":[0],"22":[1],"23":[2],"24":[1],"25":[1],"26":[0],"27":[1],"28":[1],"29":[2],"30":[1],"31":[1],"32":[0],"33":[1],"34":[2],"35":[1],"36":[1],"37":[0],"38":[1],"39":[2],"40":[1],"41":[1],"42":[0],"43":[1],"44":[2],"45":[1],"46":[1],"47":[0],"48":[1],"49":[1],"50":[0]},"fnMap":{"0":{"name":"upsertQuote","decl":{"start":{"line":82,"column":0},"end":{"line":92,"column":1}},"loc":{"start":{"line":82,"column":0},"end":{"line":92,"column":1}},"line":82},"1":{"name":"fetchQuotes","decl":{"start":{"line":101,"column":15},"end":{"line":120,"column":4}},"loc":{"start":{"line":101,"column":15},"end":{"line":120,"column":4}},"line":101},"2":{"name":"fetchQuote","decl":{"start":{"line":122,"column":14},"end":{"line":139,"column":4}},"loc":{"start":{"line":122,"column":14},"end":{"line":139,"column":4}},"line":122},"3":{"name":"createQuote","decl":{"start":{"line":141,"column":15},"end":{"line":158,"column":4}},"loc":{"start":{"line":141,"column":15},"end":{"line":158,"column":4}},"line":141},"4":{"name":"updateQuote","decl":{"start":{"line":160,"column":15},"end":{"line":178,"column":4}},"loc":{"start":{"line":160,"column":15},"end":{"line":178,"column":4}},"line":160},"5":{"name":"deleteQuote","decl":{"start":{"line":180,"column":15},"end":{"line":194,"column":4}},"loc":{"start":{"line":180,"column":15},"end":{"line":194,"column":4}},"line":180},"6":{"name":"sendQuote","decl":{"start":{"line":196,"column":13},"end":{"line":214,"column":4}},"loc":{"start":{"line":196,"column":13},"end":{"line":214,"column":4}},"line":196},"7":{"name":"acceptQuote","decl":{"start":{"line":216,"column":15},"end":{"line":234,"column":4}},"loc":{"start":{"line":216,"column":15},"end":{"line":234,"column":4}},"line":216},"8":{"name":"rejectQuote","decl":{"start":{"line":236,"column":15},"end":{"line":254,"column":4}},"loc":{"start":{"line":236,"column":15},"end":{"line":254,"column":4}},"line":236},"9":{"name":"convertQuote","decl":{"start":{"line":256,"column":16},"end":{"line":291,"column":4}},"loc":{"start":{"line":256,"column":16},"end":{"line":291,"column":4}},"line":256}},"f":{"0":5,"1":3,"2":1,"3":2,"4":2,"5":2,"6":2,"7":2,"8":2,"9":2}}
,"/home/gerald/admin_koomky/frontend/lib/stores/segments.ts": {"path":"/home/gerald/admin_koomky/frontend/lib/stores/segments.ts","all":false,"statementMap":{"0":{"start":{"line":1,"column":0},"end":{"line":1,"column":33}},"1":{"start":{"line":2,"column":0},"end":{"line":2,"column":38}},"88":{"start":{"line":89,"column":0},"end":{"line":89,"column":70}},"89":{"start":{"line":90,"column":0},"end":{"line":90,"column":65}},"90":{"start":{"line":91,"column":0},"end":{"line":91,"column":21}},"91":{"start":{"line":92,"column":0},"end":{"line":92,"column":30}},"92":{"start":{"line":93,"column":0},"end":{"line":93,"column":3}},"94":{"start":{"line":95,"column":0},"end":{"line":95,"column":25}},"95":{"start":{"line":96,"column":0},"end":{"line":96,"column":24}},"97":{"start":{"line":98,"column":0},"end":{"line":98,"column":14}},"98":{"start":{"line":99,"column":0},"end":{"line":99,"column":1}},"100":{"start":{"line":101,"column":0},"end":{"line":101,"column":56}},"101":{"start":{"line":102,"column":0},"end":{"line":102,"column":10}},"102":{"start":{"line":103,"column":0},"end":{"line":103,"column":44}},"103":{"start":{"line":104,"column":0},"end":{"line":104,"column":38}},"104":{"start":{"line":105,"column":0},"end":{"line":105,"column":30}},"105":{"start":{"line":106,"column":0},"end":{"line":106,"column":37}},"106":{"start":{"line":107,"column":0},"end":{"line":107,"column":4}},"107":{"start":{"line":108,"column":0},"end":{"line":108,"column":1}},"109":{"start":{"line":110,"column":0},"end":{"line":110,"column":68}},"110":{"start":{"line":111,"column":0},"end":{"line":111,"column":15}},"111":{"start":{"line":112,"column":0},"end":{"line":112,"column":23}},"112":{"start":{"line":113,"column":0},"end":{"line":113,"column":19}},"113":{"start":{"line":114,"column":0},"end":{"line":114,"column":16}},"114":{"start":{"line":115,"column":0},"end":{"line":115,"column":19}},"115":{"start":{"line":116,"column":0},"end":{"line":116,"column":14}},"117":{"start":{"line":118,"column":0},"end":{"line":118,"column":41}},"118":{"start":{"line":119,"column":0},"end":{"line":119,"column":42}},"119":{"start":{"line":120,"column":0},"end":{"line":120,"column":9}},"120":{"start":{"line":121,"column":0},"end":{"line":121,"column":73}},"121":{"start":{"line":122,"column":0},"end":{"line":122,"column":42}},"123":{"start":{"line":124,"column":0},"end":{"line":124,"column":11}},"124":{"start":{"line":125,"column":0},"end":{"line":125,"column":37}},"125":{"start":{"line":126,"column":0},"end":{"line":126,"column":49}},"126":{"start":{"line":127,"column":0},"end":{"line":127,"column":25}},"127":{"start":{"line":128,"column":0},"end":{"line":128,"column":9}},"128":{"start":{"line":129,"column":0},"end":{"line":129,"column":21}},"129":{"start":{"line":130,"column":0},"end":{"line":130,"column":65}},"130":{"start":{"line":131,"column":0},"end":{"line":131,"column":5}},"131":{"start":{"line":132,"column":0},"end":{"line":132,"column":4}},"133":{"start":{"line":134,"column":0},"end":{"line":134,"column":31}},"134":{"start":{"line":135,"column":0},"end":{"line":135,"column":42}},"135":{"start":{"line":136,"column":0},"end":{"line":136,"column":9}},"136":{"start":{"line":137,"column":0},"end":{"line":137,"column":67}},"137":{"start":{"line":138,"column":0},"end":{"line":138,"column":47}},"139":{"start":{"line":140,"column":0},"end":{"line":140,"column":11}},"140":{"start":{"line":141,"column":0},"end":{"line":141,"column":32}},"141":{"start":{"line":142,"column":0},"end":{"line":142,"column":57}},"142":{"start":{"line":143,"column":0},"end":{"line":143,"column":25}},"143":{"start":{"line":144,"column":0},"end":{"line":144,"column":9}},"145":{"start":{"line":146,"column":0},"end":{"line":146,"column":21}},"146":{"start":{"line":147,"column":0},"end":{"line":147,"column":21}},"147":{"start":{"line":148,"column":0},"end":{"line":148,"column":65}},"148":{"start":{"line":149,"column":0},"end":{"line":149,"column":18}},"149":{"start":{"line":150,"column":0},"end":{"line":150,"column":5}},"150":{"start":{"line":151,"column":0},"end":{"line":151,"column":4}},"152":{"start":{"line":153,"column":0},"end":{"line":153,"column":34}},"153":{"start":{"line":154,"column":0},"end":{"line":154,"column":42}},"154":{"start":{"line":155,"column":0},"end":{"line":155,"column":9}},"155":{"start":{"line":156,"column":0},"end":{"line":156,"column":68}},"156":{"start":{"line":157,"column":0},"end":{"line":157,"column":47}},"158":{"start":{"line":159,"column":0},"end":{"line":159,"column":11}},"159":{"start":{"line":160,"column":0},"end":{"line":160,"column":32}},"160":{"start":{"line":161,"column":0},"end":{"line":161,"column":57}},"161":{"start":{"line":162,"column":0},"end":{"line":162,"column":25}},"162":{"start":{"line":163,"column":0},"end":{"line":163,"column":9}},"164":{"start":{"line":165,"column":0},"end":{"line":165,"column":21}},"165":{"start":{"line":166,"column":0},"end":{"line":166,"column":21}},"166":{"start":{"line":167,"column":0},"end":{"line":167,"column":65}},"167":{"start":{"line":168,"column":0},"end":{"line":168,"column":18}},"168":{"start":{"line":169,"column":0},"end":{"line":169,"column":5}},"169":{"start":{"line":170,"column":0},"end":{"line":170,"column":4}},"171":{"start":{"line":172,"column":0},"end":{"line":172,"column":38}},"172":{"start":{"line":173,"column":0},"end":{"line":173,"column":42}},"173":{"start":{"line":174,"column":0},"end":{"line":174,"column":9}},"174":{"start":{"line":175,"column":0},"end":{"line":175,"column":73}},"175":{"start":{"line":176,"column":0},"end":{"line":176,"column":47}},"177":{"start":{"line":178,"column":0},"end":{"line":178,"column":11}},"178":{"start":{"line":179,"column":0},"end":{"line":179,"column":23}},"179":{"start":{"line":180,"column":0},"end":{"line":180,"column":75}},"180":{"start":{"line":181,"column":0},"end":{"line":181,"column":57}},"181":{"start":{"line":182,"column":0},"end":{"line":182,"column":25}},"182":{"start":{"line":183,"column":0},"end":{"line":183,"column":9}},"184":{"start":{"line":185,"column":0},"end":{"line":185,"column":21}},"185":{"start":{"line":186,"column":0},"end":{"line":186,"column":21}},"186":{"start":{"line":187,"column":0},"end":{"line":187,"column":65}},"187":{"start":{"line":188,"column":0},"end":{"line":188,"column":18}},"188":{"start":{"line":189,"column":0},"end":{"line":189,"column":5}},"189":{"start":{"line":190,"column":0},"end":{"line":190,"column":4}},"191":{"start":{"line":192,"column":0},"end":{"line":192,"column":32}},"192":{"start":{"line":193,"column":0},"end":{"line":193,"column":42}},"193":{"start":{"line":194,"column":0},"end":{"line":194,"column":9}},"194":{"start":{"line":195,"column":0},"end":{"line":195,"column":48}},"196":{"start":{"line":197,"column":0},"end":{"line":197,"column":11}},"197":{"start":{"line":198,"column":0},"end":{"line":198,"column":72}},"198":{"start":{"line":199,"column":0},"end":{"line":199,"column":23}},"199":{"start":{"line":200,"column":0},"end":{"line":200,"column":72}},"200":{"start":{"line":201,"column":0},"end":{"line":201,"column":25}},"201":{"start":{"line":202,"column":0},"end":{"line":202,"column":9}},"202":{"start":{"line":203,"column":0},"end":{"line":203,"column":21}},"203":{"start":{"line":204,"column":0},"end":{"line":204,"column":65}},"204":{"start":{"line":205,"column":0},"end":{"line":205,"column":18}},"205":{"start":{"line":206,"column":0},"end":{"line":206,"column":5}},"206":{"start":{"line":207,"column":0},"end":{"line":207,"column":4}},"208":{"start":{"line":209,"column":0},"end":{"line":209,"column":46}},"209":{"start":{"line":210,"column":0},"end":{"line":210,"column":42}},"210":{"start":{"line":211,"column":0},"end":{"line":211,"column":9}},"211":{"start":{"line":212,"column":0},"end":{"line":212,"column":76}},"212":{"start":{"line":213,"column":0},"end":{"line":213,"column":15}},"213":{"start":{"line":214,"column":0},"end":{"line":214,"column":9}},"214":{"start":{"line":215,"column":0},"end":{"line":215,"column":54}},"216":{"start":{"line":217,"column":0},"end":{"line":217,"column":11}},"217":{"start":{"line":218,"column":0},"end":{"line":218,"column":16}},"218":{"start":{"line":219,"column":0},"end":{"line":219,"column":25}},"219":{"start":{"line":220,"column":0},"end":{"line":220,"column":9}},"221":{"start":{"line":222,"column":0},"end":{"line":222,"column":21}},"222":{"start":{"line":223,"column":0},"end":{"line":223,"column":21}},"223":{"start":{"line":224,"column":0},"end":{"line":224,"column":65}},"224":{"start":{"line":225,"column":0},"end":{"line":225,"column":18}},"225":{"start":{"line":226,"column":0},"end":{"line":226,"column":5}},"226":{"start":{"line":227,"column":0},"end":{"line":227,"column":4}},"227":{"start":{"line":228,"column":0},"end":{"line":228,"column":4}}},"s":{"0":1,"1":1,"88":2,"89":2,"90":2,"91":1,"92":1,"94":1,"95":1,"97":1,"98":1,"100":1,"101":1,"102":1,"103":1,"104":1,"105":1,"106":1,"107":1,"109":1,"110":1,"111":1,"112":1,"113":1,"114":1,"115":1,"117":1,"118":2,"119":2,"120":2,"121":2,"123":2,"124":2,"125":2,"126":2,"127":2,"128":2,"129":1,"130":1,"131":2,"133":1,"134":0,"135":0,"136":0,"137":0,"139":0,"140":0,"141":0,"142":0,"143":0,"145":0,"146":0,"147":0,"148":0,"149":0,"150":0,"152":1,"153":2,"154":2,"155":2,"156":1,"158":1,"159":1,"160":1,"161":1,"162":1,"164":1,"165":1,"166":1,"167":1,"168":1,"169":2,"171":1,"172":1,"173":1,"174":1,"175":1,"177":1,"178":1,"179":1,"180":1,"181":1,"182":1,"184":1,"185":1,"186":0,"187":0,"188":0,"189":1,"191":1,"192":1,"193":1,"194":1,"196":1,"197":1,"198":1,"199":1,"200":1,"201":1,"202":1,"203":0,"204":0,"205":0,"206":1,"208":1,"209":2,"210":2,"211":2,"212":2,"213":2,"214":1,"216":1,"217":1,"218":1,"219":1,"221":1,"222":1,"223":1,"224":1,"225":1,"226":2,"227":1},"branchMap":{"0":{"type":"branch","line":89,"loc":{"start":{"line":89,"column":0},"end":{"line":99,"column":1}},"locations":[{"start":{"line":89,"column":0},"end":{"line":99,"column":1}}]},"1":{"type":"branch","line":91,"loc":{"start":{"line":91,"column":20},"end":{"line":99,"column":1}},"locations":[{"start":{"line":91,"column":20},"end":{"line":99,"column":1}}]},"2":{"type":"branch","line":90,"loc":{"start":{"line":90,"column":31},"end":{"line":90,"column":63}},"locations":[{"start":{"line":90,"column":31},"end":{"line":90,"column":63}}]},"3":{"type":"branch","line":101,"loc":{"start":{"line":101,"column":0},"end":{"line":108,"column":1}},"locations":[{"start":{"line":101,"column":0},"end":{"line":108,"column":1}}]},"4":{"type":"branch","line":103,"loc":{"start":{"line":103,"column":26},"end":{"line":103,"column":44}},"locations":[{"start":{"line":103,"column":26},"end":{"line":103,"column":44}}]},"5":{"type":"branch","line":104,"loc":{"start":{"line":104,"column":23},"end":{"line":104,"column":38}},"locations":[{"start":{"line":104,"column":23},"end":{"line":104,"column":38}}]},"6":{"type":"branch","line":105,"loc":{"start":{"line":105,"column":19},"end":{"line":105,"column":30}},"locations":[{"start":{"line":105,"column":19},"end":{"line":105,"column":30}}]},"7":{"type":"branch","line":106,"loc":{"start":{"line":106,"column":22},"end":{"line":106,"column":37}},"locations":[{"start":{"line":106,"column":22},"end":{"line":106,"column":37}}]},"8":{"type":"branch","line":110,"loc":{"start":{"line":110,"column":52},"end":{"line":228,"column":2}},"locations":[{"start":{"line":110,"column":52},"end":{"line":228,"column":2}}]},"9":{"type":"branch","line":118,"loc":{"start":{"line":118,"column":17},"end":{"line":132,"column":4}},"locations":[{"start":{"line":118,"column":17},"end":{"line":132,"column":4}}]},"10":{"type":"branch","line":121,"loc":{"start":{"line":121,"column":71},"end":{"line":122,"column":39}},"locations":[{"start":{"line":121,"column":71},"end":{"line":122,"column":39}}]},"11":{"type":"branch","line":122,"loc":{"start":{"line":122,"column":31},"end":{"line":122,"column":42}},"locations":[{"start":{"line":122,"column":31},"end":{"line":122,"column":42}}]},"12":{"type":"branch","line":125,"loc":{"start":{"line":125,"column":26},"end":{"line":125,"column":37}},"locations":[{"start":{"line":125,"column":26},"end":{"line":125,"column":37}}]},"13":{"type":"branch","line":129,"loc":{"start":{"line":129,"column":4},"end":{"line":131,"column":5}},"locations":[{"start":{"line":129,"column":4},"end":{"line":131,"column":5}}]},"14":{"type":"branch","line":153,"loc":{"start":{"line":153,"column":17},"end":{"line":170,"column":4}},"locations":[{"start":{"line":153,"column":17},"end":{"line":170,"column":4}}]},"15":{"type":"branch","line":156,"loc":{"start":{"line":156,"column":66},"end":{"line":169,"column":5}},"locations":[{"start":{"line":156,"column":66},"end":{"line":169,"column":5}}]},"16":{"type":"branch","line":172,"loc":{"start":{"line":172,"column":17},"end":{"line":190,"column":4}},"locations":[{"start":{"line":172,"column":17},"end":{"line":190,"column":4}}]},"17":{"type":"branch","line":180,"loc":{"start":{"line":180,"column":44},"end":{"line":180,"column":75}},"locations":[{"start":{"line":180,"column":44},"end":{"line":180,"column":75}}]},"18":{"type":"branch","line":186,"loc":{"start":{"line":186,"column":4},"end":{"line":189,"column":5}},"locations":[{"start":{"line":186,"column":4},"end":{"line":189,"column":5}}]},"19":{"type":"branch","line":192,"loc":{"start":{"line":192,"column":17},"end":{"line":207,"column":4}},"locations":[{"start":{"line":192,"column":17},"end":{"line":207,"column":4}}]},"20":{"type":"branch","line":200,"loc":{"start":{"line":200,"column":44},"end":{"line":200,"column":72}},"locations":[{"start":{"line":200,"column":44},"end":{"line":200,"column":72}}]},"21":{"type":"branch","line":203,"loc":{"start":{"line":203,"column":4},"end":{"line":206,"column":5}},"locations":[{"start":{"line":203,"column":4},"end":{"line":206,"column":5}}]},"22":{"type":"branch","line":198,"loc":{"start":{"line":198,"column":40},"end":{"line":198,"column":70}},"locations":[{"start":{"line":198,"column":40},"end":{"line":198,"column":70}}]},"23":{"type":"branch","line":209,"loc":{"start":{"line":209,"column":18},"end":{"line":227,"column":4}},"locations":[{"start":{"line":209,"column":18},"end":{"line":227,"column":4}}]},"24":{"type":"branch","line":214,"loc":{"start":{"line":214,"column":7},"end":{"line":226,"column":5}},"locations":[{"start":{"line":214,"column":7},"end":{"line":226,"column":5}}]}},"b":{"0":[2],"1":[1],"2":[1],"3":[1],"4":[0],"5":[0],"6":[0],"7":[0],"8":[1],"9":[2],"10":[1],"11":[0],"12":[0],"13":[1],"14":[2],"15":[1],"16":[1],"17":[0],"18":[0],"19":[1],"20":[0],"21":[0],"22":[1],"23":[2],"24":[1]},"fnMap":{"0":{"name":"upsertSegment","decl":{"start":{"line":89,"column":0},"end":{"line":99,"column":1}},"loc":{"start":{"line":89,"column":0},"end":{"line":99,"column":1}},"line":89},"1":{"name":"normalizePagination","decl":{"start":{"line":101,"column":0},"end":{"line":108,"column":1}},"loc":{"start":{"line":101,"column":0},"end":{"line":108,"column":1}},"line":101},"2":{"name":"fetchSegments","decl":{"start":{"line":118,"column":17},"end":{"line":132,"column":4}},"loc":{"start":{"line":118,"column":17},"end":{"line":132,"column":4}},"line":118},"3":{"name":"fetchSegment","decl":{"start":{"line":134,"column":16},"end":{"line":151,"column":4}},"loc":{"start":{"line":134,"column":16},"end":{"line":151,"column":4}},"line":134},"4":{"name":"createSegment","decl":{"start":{"line":153,"column":17},"end":{"line":170,"column":4}},"loc":{"start":{"line":153,"column":17},"end":{"line":170,"column":4}},"line":153},"5":{"name":"updateSegment","decl":{"start":{"line":172,"column":17},"end":{"line":190,"column":4}},"loc":{"start":{"line":172,"column":17},"end":{"line":190,"column":4}},"line":172},"6":{"name":"deleteSegment","decl":{"start":{"line":192,"column":17},"end":{"line":207,"column":4}},"loc":{"start":{"line":192,"column":17},"end":{"line":207,"column":4}},"line":192},"7":{"name":"previewSegment","decl":{"start":{"line":209,"column":18},"end":{"line":227,"column":4}},"loc":{"start":{"line":209,"column":18},"end":{"line":227,"column":4}},"line":209}},"f":{"0":2,"1":1,"2":2,"3":0,"4":2,"5":1,"6":1,"7":2}}
}
