{"/app/lib/api.ts": {"path":"/app/lib/api.ts","all":false,"statementMap":{"0":{"start":{"line":1,"column":0},"end":{"line":1,"column":49}},"15":{"start":{"line":16,"column":0},"end":{"line":16,"column":30}},"19":{"start":{"line":20,"column":0},"end":{"line":20,"column":60}},"20":{"start":{"line":21,"column":0},"end":{"line":21,"column":19}},"21":{"start":{"line":22,"column":0},"end":{"line":22,"column":27}},"22":{"start":{"line":23,"column":0},"end":{"line":23,"column":25}},"23":{"start":{"line":24,"column":0},"end":{"line":24,"column":21}},"24":{"start":{"line":25,"column":0},"end":{"line":25,"column":3}},"25":{"start":{"line":26,"column":0},"end":{"line":26,"column":1}},"27":{"start":{"line":28,"column":0},"end":{"line":28,"column":55}},"28":{"start":{"line":29,"column":0},"end":{"line":29,"column":60}},"30":{"start":{"line":31,"column":0},"end":{"line":31,"column":22}},"31":{"start":{"line":32,"column":0},"end":{"line":32,"column":17}},"32":{"start":{"line":33,"column":0},"end":{"line":33,"column":3}},"34":{"start":{"line":35,"column":0},"end":{"line":35,"column":7}},"35":{"start":{"line":36,"column":0},"end":{"line":36,"column":33}},"36":{"start":{"line":37,"column":0},"end":{"line":37,"column":85}},"37":{"start":{"line":38,"column":0},"end":{"line":38,"column":7}},"38":{"start":{"line":39,"column":0},"end":{"line":39,"column":23}},"39":{"start":{"line":40,"column":0},"end":{"line":40,"column":18}},"40":{"start":{"line":41,"column":0},"end":{"line":41,"column":45}},"41":{"start":{"line":42,"column":0},"end":{"line":42,"column":37}},"42":{"start":{"line":43,"column":0},"end":{"line":43,"column":50}},"43":{"start":{"line":44,"column":0},"end":{"line":44,"column":10}},"44":{"start":{"line":45,"column":0},"end":{"line":45,"column":8}},"45":{"start":{"line":46,"column":0},"end":{"line":46,"column":6}},"47":{"start":{"line":48,"column":0},"end":{"line":48,"column":23}},"48":{"start":{"line":49,"column":0},"end":{"line":49,"column":19}},"49":{"start":{"line":50,"column":0},"end":{"line":50,"column":5}},"51":{"start":{"line":52,"column":0},"end":{"line":52,"column":39}},"52":{"start":{"line":53,"column":0},"end":{"line":53,"column":54}},"53":{"start":{"line":54,"column":0},"end":{"line":54,"column":67}},"54":{"start":{"line":55,"column":0},"end":{"line":55,"column":16}},"55":{"start":{"line":56,"column":0},"end":{"line":56,"column":11}},"56":{"start":{"line":57,"column":0},"end":{"line":57,"column":17}},"57":{"start":{"line":58,"column":0},"end":{"line":58,"column":3}},"58":{"start":{"line":59,"column":0},"end":{"line":59,"column":1}},"60":{"start":{"line":61,"column":0},"end":{"line":61,"column":29}},"61":{"start":{"line":62,"column":0},"end":{"line":62,"column":19}},"62":{"start":{"line":63,"column":0},"end":{"line":63,"column":27}},"63":{"start":{"line":64,"column":0},"end":{"line":64,"column":28}},"64":{"start":{"line":65,"column":0},"end":{"line":65,"column":64}},"65":{"start":{"line":66,"column":0},"end":{"line":66,"column":58}},"67":{"start":{"line":68,"column":0},"end":{"line":68,"column":32}},"68":{"start":{"line":69,"column":0},"end":{"line":69,"column":39}},"69":{"start":{"line":70,"column":0},"end":{"line":70,"column":31}},"70":{"start":{"line":71,"column":0},"end":{"line":71,"column":23}},"71":{"start":{"line":72,"column":0},"end":{"line":72,"column":4}},"73":{"start":{"line":74,"column":0},"end":{"line":74,"column":33}},"74":{"start":{"line":75,"column":0},"end":{"line":75,"column":58}},"75":{"start":{"line":76,"column":0},"end":{"line":76,"column":30}},"76":{"start":{"line":77,"column":0},"end":{"line":77,"column":3}},"78":{"start":{"line":79,"column":0},"end":{"line":79,"column":79}},"80":{"start":{"line":81,"column":0},"end":{"line":81,"column":36}},"82":{"start":{"line":83,"column":0},"end":{"line":83,"column":49}},"83":{"start":{"line":84,"column":0},"end":{"line":84,"column":47}},"84":{"start":{"line":85,"column":0},"end":{"line":85,"column":54}},"85":{"start":{"line":86,"column":0},"end":{"line":86,"column":50}},"86":{"start":{"line":87,"column":0},"end":{"line":87,"column":48}},"87":{"start":{"line":88,"column":0},"end":{"line":88,"column":7}},"88":{"start":{"line":89,"column":0},"end":{"line":89,"column":7}},"89":{"start":{"line":90,"column":0},"end":{"line":90,"column":48}},"90":{"start":{"line":91,"column":0},"end":{"line":91,"column":22}},"91":{"start":{"line":92,"column":0},"end":{"line":92,"column":59}},"92":{"start":{"line":93,"column":0},"end":{"line":93,"column":5}},"93":{"start":{"line":94,"column":0},"end":{"line":94,"column":3}},"95":{"start":{"line":96,"column":0},"end":{"line":96,"column":35}},"96":{"start":{"line":97,"column":0},"end":{"line":97,"column":20}},"97":{"start":{"line":98,"column":0},"end":{"line":98,"column":12}},"98":{"start":{"line":99,"column":0},"end":{"line":99,"column":5}},"101":{"start":{"line":102,"column":0},"end":{"line":102,"column":45}},"102":{"start":{"line":103,"column":0},"end":{"line":103,"column":49}},"104":{"start":{"line":105,"column":0},"end":{"line":105,"column":20}},"105":{"start":{"line":106,"column":0},"end":{"line":106,"column":65}},"106":{"start":{"line":107,"column":0},"end":{"line":107,"column":60}},"107":{"start":{"line":108,"column":0},"end":{"line":108,"column":35}},"109":{"start":{"line":110,"column":0},"end":{"line":110,"column":35}},"110":{"start":{"line":111,"column":0},"end":{"line":111,"column":24}},"111":{"start":{"line":112,"column":0},"end":{"line":112,"column":16}},"112":{"start":{"line":113,"column":0},"end":{"line":113,"column":9}},"113":{"start":{"line":114,"column":0},"end":{"line":114,"column":12}},"115":{"start":{"line":116,"column":0},"end":{"line":116,"column":39}},"118":{"start":{"line":119,"column":0},"end":{"line":119,"column":10}},"119":{"start":{"line":120,"column":0},"end":{"line":120,"column":40}},"120":{"start":{"line":121,"column":0},"end":{"line":121,"column":53}},"121":{"start":{"line":122,"column":0},"end":{"line":122,"column":9}},"122":{"start":{"line":123,"column":0},"end":{"line":123,"column":45}},"123":{"start":{"line":124,"column":0},"end":{"line":124,"column":7}},"125":{"start":{"line":126,"column":0},"end":{"line":126,"column":49}},"126":{"start":{"line":127,"column":0},"end":{"line":127,"column":5}},"127":{"start":{"line":128,"column":0},"end":{"line":128,"column":3}},"129":{"start":{"line":130,"column":0},"end":{"line":130,"column":21}},"130":{"start":{"line":131,"column":0},"end":{"line":131,"column":62}},"131":{"start":{"line":132,"column":0},"end":{"line":132,"column":23}},"132":{"start":{"line":133,"column":0},"end":{"line":133,"column":68}},"133":{"start":{"line":134,"column":0},"end":{"line":134,"column":22}},"134":{"start":{"line":135,"column":0},"end":{"line":135,"column":16}},"135":{"start":{"line":136,"column":0},"end":{"line":136,"column":6}},"136":{"start":{"line":137,"column":0},"end":{"line":137,"column":3}},"138":{"start":{"line":139,"column":0},"end":{"line":139,"column":25}},"139":{"start":{"line":140,"column":0},"end":{"line":140,"column":1}},"142":{"start":{"line":143,"column":0},"end":{"line":143,"column":26}},"143":{"start":{"line":144,"column":0},"end":{"line":144,"column":53}},"144":{"start":{"line":145,"column":0},"end":{"line":145,"column":52}},"146":{"start":{"line":147,"column":0},"end":{"line":147,"column":66}},"147":{"start":{"line":148,"column":0},"end":{"line":148,"column":22}},"148":{"start":{"line":149,"column":0},"end":{"line":149,"column":17}},"149":{"start":{"line":150,"column":0},"end":{"line":150,"column":21}},"150":{"start":{"line":151,"column":0},"end":{"line":151,"column":52}},"151":{"start":{"line":152,"column":0},"end":{"line":152,"column":7}},"153":{"start":{"line":154,"column":0},"end":{"line":154,"column":65}},"154":{"start":{"line":155,"column":0},"end":{"line":155,"column":22}},"155":{"start":{"line":156,"column":0},"end":{"line":156,"column":17}},"156":{"start":{"line":157,"column":0},"end":{"line":157,"column":20}},"157":{"start":{"line":158,"column":0},"end":{"line":158,"column":52}},"158":{"start":{"line":159,"column":0},"end":{"line":159,"column":7}},"160":{"start":{"line":161,"column":0},"end":{"line":161,"column":67}},"161":{"start":{"line":162,"column":0},"end":{"line":162,"column":22}},"162":{"start":{"line":163,"column":0},"end":{"line":163,"column":17}},"163":{"start":{"line":164,"column":0},"end":{"line":164,"column":22}},"164":{"start":{"line":165,"column":0},"end":{"line":165,"column":52}},"165":{"start":{"line":166,"column":0},"end":{"line":166,"column":7}},"167":{"start":{"line":168,"column":0},"end":{"line":168,"column":56}},"168":{"start":{"line":169,"column":0},"end":{"line":169,"column":55}},"169":{"start":{"line":170,"column":0},"end":{"line":170,"column":2}}},"s":{"0":1,"15":1,"19":1,"20":4,"21":4,"22":4,"23":4,"24":4,"25":1,"27":2,"28":2,"30":2,"31":1,"32":1,"34":1,"35":1,"36":2,"37":2,"38":2,"39":2,"40":2,"41":2,"42":2,"43":2,"44":2,"45":2,"47":2,"48":0,"49":0,"51":1,"52":1,"53":1,"54":1,"55":2,"56":0,"57":0,"58":2,"60":11,"61":11,"62":11,"63":11,"64":11,"65":11,"67":11,"68":11,"69":11,"70":11,"71":11,"73":11,"74":3,"75":3,"76":3,"78":11,"80":11,"82":11,"83":1,"84":1,"85":4,"86":2,"87":2,"88":1,"89":1,"90":1,"91":1,"92":1,"93":1,"95":11,"96":11,"97":11,"98":11,"101":11,"102":2,"104":2,"105":1,"106":1,"107":1,"109":1,"110":1,"111":1,"112":1,"113":1,"115":1,"118":1,"119":1,"120":1,"121":1,"122":0,"123":0,"125":1,"126":1,"127":2,"129":10,"130":2,"131":2,"132":2,"133":2,"134":2,"135":2,"136":2,"138":7,"139":7,"142":1,"143":1,"144":1,"146":1,"147":1,"148":1,"149":1,"150":1,"151":1,"153":1,"154":1,"155":1,"156":1,"157":1,"158":1,"160":1,"161":1,"162":1,"163":1,"164":1,"165":1,"167":1,"168":1,"169":1},"branchMap":{"0":{"type":"branch","line":20,"loc":{"start":{"line":20,"column":2},"end":{"line":25,"column":3}},"locations":[{"start":{"line":20,"column":2},"end":{"line":25,"column":3}}]},"1":{"type":"branch","line":28,"loc":{"start":{"line":28,"column":0},"end":{"line":59,"column":1}},"locations":[{"start":{"line":28,"column":0},"end":{"line":59,"column":1}}]},"2":{"type":"branch","line":31,"loc":{"start":{"line":31,"column":21},"end":{"line":37,"column":69}},"locations":[{"start":{"line":31,"column":21},"end":{"line":37,"column":69}}]},"3":{"type":"branch","line":46,"loc":{"start":{"line":46,"column":4},"end":{"line":48,"column":22}},"locations":[{"start":{"line":46,"column":4},"end":{"line":48,"column":22}}]},"4":{"type":"branch","line":48,"loc":{"start":{"line":48,"column":22},"end":{"line":50,"column":5}},"locations":[{"start":{"line":48,"column":22},"end":{"line":50,"column":5}}]},"5":{"type":"branch","line":50,"loc":{"start":{"line":50,"column":4},"end":{"line":56,"column":10}},"locations":[{"start":{"line":50,"column":4},"end":{"line":56,"column":10}}]},"6":{"type":"branch","line":56,"loc":{"start":{"line":56,"column":2},"end":{"line":58,"column":3}},"locations":[{"start":{"line":56,"column":2},"end":{"line":58,"column":3}}]},"7":{"type":"branch","line":61,"loc":{"start":{"line":61,"column":0},"end":{"line":140,"column":1}},"locations":[{"start":{"line":61,"column":0},"end":{"line":140,"column":1}}]},"8":{"type":"branch","line":74,"loc":{"start":{"line":74,"column":7},"end":{"line":74,"column":32}},"locations":[{"start":{"line":74,"column":7},"end":{"line":74,"column":32}}]},"9":{"type":"branch","line":74,"loc":{"start":{"line":74,"column":32},"end":{"line":77,"column":3}},"locations":[{"start":{"line":74,"column":32},"end":{"line":77,"column":3}}]},"10":{"type":"branch","line":83,"loc":{"start":{"line":83,"column":6},"end":{"line":83,"column":48}},"locations":[{"start":{"line":83,"column":6},"end":{"line":83,"column":48}}]},"11":{"type":"branch","line":83,"loc":{"start":{"line":83,"column":48},"end":{"line":94,"column":3}},"locations":[{"start":{"line":83,"column":48},"end":{"line":94,"column":3}}]},"12":{"type":"branch","line":92,"loc":{"start":{"line":92,"column":34},"end":{"line":92,"column":47}},"locations":[{"start":{"line":92,"column":34},"end":{"line":92,"column":47}}]},"13":{"type":"branch","line":99,"loc":{"start":{"line":99,"column":3},"end":{"line":102,"column":44}},"locations":[{"start":{"line":99,"column":3},"end":{"line":102,"column":44}}]},"14":{"type":"branch","line":102,"loc":{"start":{"line":102,"column":26},"end":{"line":102,"column":44}},"locations":[{"start":{"line":102,"column":26},"end":{"line":102,"column":44}}]},"15":{"type":"branch","line":102,"loc":{"start":{"line":102,"column":44},"end":{"line":140,"column":1}},"locations":[{"start":{"line":102,"column":44},"end":{"line":140,"column":1}}]},"16":{"type":"branch","line":102,"loc":{"start":{"line":102,"column":44},"end":{"line":128,"column":3}},"locations":[{"start":{"line":102,"column":44},"end":{"line":128,"column":3}}]},"17":{"type":"branch","line":105,"loc":{"start":{"line":105,"column":19},"end":{"line":127,"column":5}},"locations":[{"start":{"line":105,"column":19},"end":{"line":127,"column":5}}]},"18":{"type":"branch","line":122,"loc":{"start":{"line":122,"column":8},"end":{"line":124,"column":7}},"locations":[{"start":{"line":122,"column":8},"end":{"line":124,"column":7}}]},"19":{"type":"branch","line":128,"loc":{"start":{"line":128,"column":2},"end":{"line":130,"column":20}},"locations":[{"start":{"line":128,"column":2},"end":{"line":130,"column":20}}]},"20":{"type":"branch","line":130,"loc":{"start":{"line":130,"column":20},"end":{"line":137,"column":3}},"locations":[{"start":{"line":130,"column":20},"end":{"line":137,"column":3}}]},"21":{"type":"branch","line":133,"loc":{"start":{"line":133,"column":16},"end":{"line":133,"column":68}},"locations":[{"start":{"line":133,"column":16},"end":{"line":133,"column":68}}]},"22":{"type":"branch","line":137,"loc":{"start":{"line":137,"column":2},"end":{"line":140,"column":1}},"locations":[{"start":{"line":137,"column":2},"end":{"line":140,"column":1}}]},"23":{"type":"branch","line":85,"loc":{"start":{"line":85,"column":35},"end":{"line":89,"column":5}},"locations":[{"start":{"line":85,"column":35},"end":{"line":89,"column":5}}]},"24":{"type":"branch","line":86,"loc":{"start":{"line":86,"column":20},"end":{"line":86,"column":49}},"locations":[{"start":{"line":86,"column":20},"end":{"line":86,"column":49}}]},"25":{"type":"branch","line":86,"loc":{"start":{"line":86,"column":49},"end":{"line":88,"column":7}},"locations":[{"start":{"line":86,"column":49},"end":{"line":88,"column":7}}]},"26":{"type":"branch","line":131,"loc":{"start":{"line":131,"column":50},"end":{"line":131,"column":60}},"locations":[{"start":{"line":131,"column":50},"end":{"line":131,"column":60}}]},"27":{"type":"branch","line":144,"loc":{"start":{"line":144,"column":7},"end":{"line":145,"column":52}},"locations":[{"start":{"line":144,"column":7},"end":{"line":145,"column":52}}]},"28":{"type":"branch","line":147,"loc":{"start":{"line":147,"column":8},"end":{"line":152,"column":7}},"locations":[{"start":{"line":147,"column":8},"end":{"line":152,"column":7}}]},"29":{"type":"branch","line":151,"loc":{"start":{"line":151,"column":38},"end":{"line":151,"column":52}},"locations":[{"start":{"line":151,"column":38},"end":{"line":151,"column":52}}]},"30":{"type":"branch","line":154,"loc":{"start":{"line":154,"column":7},"end":{"line":159,"column":7}},"locations":[{"start":{"line":154,"column":7},"end":{"line":159,"column":7}}]},"31":{"type":"branch","line":158,"loc":{"start":{"line":158,"column":38},"end":{"line":158,"column":52}},"locations":[{"start":{"line":158,"column":38},"end":{"line":158,"column":52}}]},"32":{"type":"branch","line":161,"loc":{"start":{"line":161,"column":9},"end":{"line":166,"column":7}},"locations":[{"start":{"line":161,"column":9},"end":{"line":166,"column":7}}]},"33":{"type":"branch","line":165,"loc":{"start":{"line":165,"column":38},"end":{"line":165,"column":52}},"locations":[{"start":{"line":165,"column":38},"end":{"line":165,"column":52}}]},"34":{"type":"branch","line":168,"loc":{"start":{"line":168,"column":10},"end":{"line":169,"column":55}},"locations":[{"start":{"line":168,"column":10},"end":{"line":169,"column":55}}]}},"b":{"0":[4],"1":[2],"2":[1],"3":[1],"4":[0],"5":[1],"6":[0],"7":[11],"8":[10],"9":[3],"10":[1],"11":[1],"12":[0],"13":[10],"14":[2],"15":[10],"16":[2],"17":[1],"18":[0],"19":[9],"20":[2],"21":[1],"22":[7],"23":[4],"24":[3],"25":[2],"26":[1],"27":[1],"28":[1],"29":[0],"30":[1],"31":[0],"32":[1],"33":[0],"34":[1]},"fnMap":{"0":{"name":"ApiError","decl":{"start":{"line":20,"column":2},"end":{"line":25,"column":3}},"loc":{"start":{"line":20,"column":2},"end":{"line":25,"column":3}},"line":20},"1":{"name":"refreshAccessToken","decl":{"start":{"line":28,"column":0},"end":{"line":59,"column":1}},"loc":{"start":{"line":28,"column":0},"end":{"line":59,"column":1}},"line":28},"2":{"name":"api","decl":{"start":{"line":61,"column":0},"end":{"line":140,"column":1}},"loc":{"start":{"line":61,"column":0},"end":{"line":140,"column":1}},"line":61},"3":{"name":"get","decl":{"start":{"line":144,"column":7},"end":{"line":145,"column":52}},"loc":{"start":{"line":144,"column":7},"end":{"line":145,"column":52}},"line":144},"4":{"name":"post","decl":{"start":{"line":147,"column":8},"end":{"line":152,"column":7}},"loc":{"start":{"line":147,"column":8},"end":{"line":152,"column":7}},"line":147},"5":{"name":"put","decl":{"start":{"line":154,"column":7},"end":{"line":159,"column":7}},"loc":{"start":{"line":154,"column":7},"end":{"line":159,"column":7}},"line":154},"6":{"name":"patch","decl":{"start":{"line":161,"column":9},"end":{"line":166,"column":7}},"loc":{"start":{"line":161,"column":9},"end":{"line":166,"column":7}},"line":161},"7":{"name":"delete","decl":{"start":{"line":168,"column":10},"end":{"line":169,"column":55}},"loc":{"start":{"line":168,"column":10},"end":{"line":169,"column":55}},"line":168}},"f":{"0":4,"1":2,"2":11,"3":1,"4":1,"5":1,"6":1,"7":1}}
,"/app/lib/utils.ts": {"path":"/app/lib/utils.ts","all":false,"statementMap":{"0":{"start":{"line":1,"column":0},"end":{"line":1,"column":45}},"1":{"start":{"line":2,"column":0},"end":{"line":2,"column":41}},"3":{"start":{"line":4,"column":0},"end":{"line":4,"column":45}},"4":{"start":{"line":5,"column":0},"end":{"line":5,"column":31}},"5":{"start":{"line":6,"column":0},"end":{"line":6,"column":1}}},"s":{"0":1,"1":1,"3":1,"4":230,"5":230},"branchMap":{"0":{"type":"branch","line":4,"loc":{"start":{"line":4,"column":7},"end":{"line":6,"column":1}},"locations":[{"start":{"line":4,"column":7},"end":{"line":6,"column":1}}]}},"b":{"0":[230]},"fnMap":{"0":{"name":"cn","decl":{"start":{"line":4,"column":7},"end":{"line":6,"column":1}},"loc":{"start":{"line":4,"column":7},"end":{"line":6,"column":1}},"line":4}},"f":{"0":230}}
,"/app/lib/stores/auth.ts": {"path":"/app/lib/stores/auth.ts","all":false,"statementMap":{"0":{"start":{"line":1,"column":0},"end":{"line":1,"column":33}},"1":{"start":{"line":2,"column":0},"end":{"line":2,"column":64}},"27":{"start":{"line":28,"column":0},"end":{"line":28,"column":48}},"28":{"start":{"line":29,"column":0},"end":{"line":29,"column":10}},"29":{"start":{"line":30,"column":0},"end":{"line":30,"column":15}},"30":{"start":{"line":31,"column":0},"end":{"line":31,"column":17}},"31":{"start":{"line":32,"column":0},"end":{"line":32,"column":24}},"32":{"start":{"line":33,"column":0},"end":{"line":33,"column":25}},"33":{"start":{"line":34,"column":0},"end":{"line":34,"column":29}},"34":{"start":{"line":35,"column":0},"end":{"line":35,"column":22}},"36":{"start":{"line":37,"column":0},"end":{"line":37,"column":53}},"38":{"start":{"line":39,"column":0},"end":{"line":39,"column":44}},"39":{"start":{"line":40,"column":0},"end":{"line":40,"column":102}},"40":{"start":{"line":41,"column":0},"end":{"line":41,"column":105}},"41":{"start":{"line":42,"column":0},"end":{"line":42,"column":9}},"42":{"start":{"line":43,"column":0},"end":{"line":43,"column":13}},"43":{"start":{"line":44,"column":0},"end":{"line":44,"column":15}},"44":{"start":{"line":45,"column":0},"end":{"line":45,"column":22}},"45":{"start":{"line":46,"column":0},"end":{"line":46,"column":23}},"46":{"start":{"line":47,"column":0},"end":{"line":47,"column":32}},"47":{"start":{"line":48,"column":0},"end":{"line":48,"column":27}},"48":{"start":{"line":49,"column":0},"end":{"line":49,"column":11}},"49":{"start":{"line":50,"column":0},"end":{"line":50,"column":8}},"51":{"start":{"line":52,"column":0},"end":{"line":52,"column":49}},"53":{"start":{"line":54,"column":0},"end":{"line":54,"column":44}},"54":{"start":{"line":55,"column":0},"end":{"line":55,"column":102}},"55":{"start":{"line":56,"column":0},"end":{"line":56,"column":105}},"56":{"start":{"line":57,"column":0},"end":{"line":57,"column":9}},"57":{"start":{"line":58,"column":0},"end":{"line":58,"column":43}},"58":{"start":{"line":59,"column":0},"end":{"line":59,"column":8}},"60":{"start":{"line":61,"column":0},"end":{"line":61,"column":39}},"62":{"start":{"line":63,"column":0},"end":{"line":63,"column":21}},"64":{"start":{"line":65,"column":0},"end":{"line":65,"column":44}},"65":{"start":{"line":66,"column":0},"end":{"line":66,"column":27}},"66":{"start":{"line":67,"column":0},"end":{"line":67,"column":82}},"67":{"start":{"line":68,"column":0},"end":{"line":68,"column":27}},"68":{"start":{"line":69,"column":0},"end":{"line":69,"column":83}},"69":{"start":{"line":70,"column":0},"end":{"line":70,"column":9}},"70":{"start":{"line":71,"column":0},"end":{"line":71,"column":13}},"71":{"start":{"line":72,"column":0},"end":{"line":72,"column":21}},"72":{"start":{"line":73,"column":0},"end":{"line":73,"column":28}},"73":{"start":{"line":74,"column":0},"end":{"line":74,"column":29}},"74":{"start":{"line":75,"column":0},"end":{"line":75,"column":33}},"75":{"start":{"line":76,"column":0},"end":{"line":76,"column":27}},"76":{"start":{"line":77,"column":0},"end":{"line":77,"column":11}},"77":{"start":{"line":78,"column":0},"end":{"line":78,"column":8}},"79":{"start":{"line":80,"column":0},"end":{"line":80,"column":59}},"80":{"start":{"line":81,"column":0},"end":{"line":81,"column":7}},"81":{"start":{"line":82,"column":0},"end":{"line":82,"column":5}},"82":{"start":{"line":83,"column":0},"end":{"line":83,"column":26}},"83":{"start":{"line":84,"column":0},"end":{"line":84,"column":53}},"84":{"start":{"line":85,"column":0},"end":{"line":85,"column":31}},"85":{"start":{"line":86,"column":0},"end":{"line":86,"column":39}},"86":{"start":{"line":87,"column":0},"end":{"line":87,"column":41}},"87":{"start":{"line":88,"column":0},"end":{"line":88,"column":25}},"88":{"start":{"line":89,"column":0},"end":{"line":89,"column":47}},"89":{"start":{"line":90,"column":0},"end":{"line":90,"column":9}},"90":{"start":{"line":91,"column":0},"end":{"line":91,"column":44}},"91":{"start":{"line":92,"column":0},"end":{"line":92,"column":33}},"92":{"start":{"line":93,"column":0},"end":{"line":93,"column":8}},"93":{"start":{"line":94,"column":0},"end":{"line":94,"column":6}},"94":{"start":{"line":95,"column":0},"end":{"line":95,"column":4}},"95":{"start":{"line":96,"column":0},"end":{"line":96,"column":2}}},"s":{"0":1,"1":1,"27":1,"28":1,"29":1,"30":3,"31":3,"32":3,"33":3,"34":3,"36":3,"38":2,"39":2,"40":2,"41":2,"42":2,"43":2,"44":2,"45":2,"46":2,"47":2,"48":2,"49":2,"51":3,"53":1,"54":1,"55":1,"56":1,"57":1,"58":1,"60":3,"62":3,"64":2,"65":2,"66":2,"67":2,"68":2,"69":2,"70":2,"71":2,"72":2,"73":2,"74":2,"75":2,"76":2,"77":2,"79":3,"80":3,"81":1,"82":1,"83":1,"84":1,"85":23,"86":23,"87":23,"88":23,"89":23,"90":1,"91":3,"92":3,"93":1,"94":1,"95":1},"branchMap":{"0":{"type":"branch","line":30,"loc":{"start":{"line":30,"column":4},"end":{"line":81,"column":7}},"locations":[{"start":{"line":30,"column":4},"end":{"line":81,"column":7}}]},"1":{"type":"branch","line":37,"loc":{"start":{"line":37,"column":15},"end":{"line":50,"column":8}},"locations":[{"start":{"line":37,"column":15},"end":{"line":50,"column":8}}]},"2":{"type":"branch","line":52,"loc":{"start":{"line":52,"column":17},"end":{"line":59,"column":8}},"locations":[{"start":{"line":52,"column":17},"end":{"line":59,"column":8}}]},"3":{"type":"branch","line":63,"loc":{"start":{"line":63,"column":14},"end":{"line":78,"column":8}},"locations":[{"start":{"line":63,"column":14},"end":{"line":78,"column":8}}]},"4":{"type":"branch","line":80,"loc":{"start":{"line":80,"column":18},"end":{"line":80,"column":59}},"locations":[{"start":{"line":80,"column":18},"end":{"line":80,"column":59}}]},"5":{"type":"branch","line":84,"loc":{"start":{"line":84,"column":33},"end":{"line":84,"column":51}},"locations":[{"start":{"line":84,"column":33},"end":{"line":84,"column":51}}]},"6":{"type":"branch","line":85,"loc":{"start":{"line":85,"column":18},"end":{"line":90,"column":9}},"locations":[{"start":{"line":85,"column":18},"end":{"line":90,"column":9}}]},"7":{"type":"branch","line":91,"loc":{"start":{"line":91,"column":26},"end":{"line":93,"column":8}},"locations":[{"start":{"line":91,"column":26},"end":{"line":93,"column":8}}]},"8":{"type":"branch","line":91,"loc":{"start":{"line":91,"column":32},"end":{"line":93,"column":8}},"locations":[{"start":{"line":91,"column":32},"end":{"line":93,"column":8}}]}},"b":{"0":[3],"1":[2],"2":[1],"3":[2],"4":[3],"5":[3],"6":[23],"7":[3],"8":[3]},"fnMap":{"0":{"name":"useAuthStore.name","decl":{"start":{"line":30,"column":4},"end":{"line":81,"column":7}},"loc":{"start":{"line":30,"column":4},"end":{"line":81,"column":7}},"line":30},"1":{"name":"setAuth","decl":{"start":{"line":37,"column":15},"end":{"line":50,"column":8}},"loc":{"start":{"line":37,"column":15},"end":{"line":50,"column":8}},"line":37},"2":{"name":"setTokens","decl":{"start":{"line":52,"column":17},"end":{"line":59,"column":8}},"loc":{"start":{"line":52,"column":17},"end":{"line":59,"column":8}},"line":52},"3":{"name":"setUser","decl":{"start":{"line":61,"column":15},"end":{"line":61,"column":39}},"loc":{"start":{"line":61,"column":15},"end":{"line":61,"column":39}},"line":61},"4":{"name":"logout","decl":{"start":{"line":63,"column":14},"end":{"line":78,"column":8}},"loc":{"start":{"line":63,"column":14},"end":{"line":78,"column":8}},"line":63},"5":{"name":"setLoading","decl":{"start":{"line":80,"column":18},"end":{"line":80,"column":59}},"loc":{"start":{"line":80,"column":18},"end":{"line":80,"column":59}},"line":80},"6":{"name":"partialize","decl":{"start":{"line":85,"column":18},"end":{"line":90,"column":9}},"loc":{"start":{"line":85,"column":18},"end":{"line":90,"column":9}},"line":85},"7":{"name":"onRehydrateStorage","decl":{"start":{"line":91,"column":26},"end":{"line":93,"column":8}},"loc":{"start":{"line":91,"column":26},"end":{"line":93,"column":8}},"line":91}},"f":{"0":3,"1":2,"2":1,"3":0,"4":2,"5":3,"6":23,"7":3}}
,"/app/lib/stores/clients.ts": {"path":"/app/lib/stores/clients.ts","all":false,"statementMap":{"0":{"start":{"line":1,"column":0},"end":{"line":1,"column":33}},"1":{"start":{"line":2,"column":0},"end":{"line":2,"column":38}},"43":{"start":{"line":44,"column":0},"end":{"line":44,"column":66}},"44":{"start":{"line":45,"column":0},"end":{"line":45,"column":14}},"45":{"start":{"line":46,"column":0},"end":{"line":46,"column":22}},"46":{"start":{"line":47,"column":0},"end":{"line":47,"column":19}},"47":{"start":{"line":48,"column":0},"end":{"line":48,"column":19}},"48":{"start":{"line":49,"column":0},"end":{"line":49,"column":14}},"50":{"start":{"line":51,"column":0},"end":{"line":51,"column":40}},"51":{"start":{"line":52,"column":0},"end":{"line":52,"column":42}},"52":{"start":{"line":53,"column":0},"end":{"line":53,"column":9}},"53":{"start":{"line":54,"column":0},"end":{"line":54,"column":72}},"54":{"start":{"line":55,"column":0},"end":{"line":55,"column":11}},"55":{"start":{"line":56,"column":0},"end":{"line":56,"column":36}},"56":{"start":{"line":57,"column":0},"end":{"line":57,"column":39}},"57":{"start":{"line":58,"column":0},"end":{"line":58,"column":25}},"58":{"start":{"line":59,"column":0},"end":{"line":59,"column":9}},"59":{"start":{"line":60,"column":0},"end":{"line":60,"column":21}},"60":{"start":{"line":61,"column":0},"end":{"line":61,"column":65}},"61":{"start":{"line":62,"column":0},"end":{"line":62,"column":5}},"62":{"start":{"line":63,"column":0},"end":{"line":63,"column":4}},"64":{"start":{"line":65,"column":0},"end":{"line":65,"column":30}},"65":{"start":{"line":66,"column":0},"end":{"line":66,"column":42}},"66":{"start":{"line":67,"column":0},"end":{"line":67,"column":9}},"67":{"start":{"line":68,"column":0},"end":{"line":68,"column":66}},"68":{"start":{"line":69,"column":0},"end":{"line":69,"column":11}},"69":{"start":{"line":70,"column":0},"end":{"line":70,"column":37}},"70":{"start":{"line":71,"column":0},"end":{"line":71,"column":25}},"71":{"start":{"line":72,"column":0},"end":{"line":72,"column":9}},"72":{"start":{"line":73,"column":0},"end":{"line":73,"column":21}},"73":{"start":{"line":74,"column":0},"end":{"line":74,"column":65}},"74":{"start":{"line":75,"column":0},"end":{"line":75,"column":18}},"75":{"start":{"line":76,"column":0},"end":{"line":76,"column":5}},"76":{"start":{"line":77,"column":0},"end":{"line":77,"column":4}},"78":{"start":{"line":79,"column":0},"end":{"line":79,"column":33}},"79":{"start":{"line":80,"column":0},"end":{"line":80,"column":42}},"80":{"start":{"line":81,"column":0},"end":{"line":81,"column":9}},"81":{"start":{"line":82,"column":0},"end":{"line":82,"column":67}},"82":{"start":{"line":83,"column":0},"end":{"line":83,"column":11}},"83":{"start":{"line":84,"column":0},"end":{"line":84,"column":51}},"84":{"start":{"line":85,"column":0},"end":{"line":85,"column":25}},"85":{"start":{"line":86,"column":0},"end":{"line":86,"column":9}},"86":{"start":{"line":87,"column":0},"end":{"line":87,"column":21}},"87":{"start":{"line":88,"column":0},"end":{"line":88,"column":65}},"88":{"start":{"line":89,"column":0},"end":{"line":89,"column":18}},"89":{"start":{"line":90,"column":0},"end":{"line":90,"column":5}},"90":{"start":{"line":91,"column":0},"end":{"line":91,"column":4}},"92":{"start":{"line":93,"column":0},"end":{"line":93,"column":37}},"93":{"start":{"line":94,"column":0},"end":{"line":94,"column":42}},"94":{"start":{"line":95,"column":0},"end":{"line":95,"column":9}},"95":{"start":{"line":96,"column":0},"end":{"line":96,"column":72}},"96":{"start":{"line":97,"column":0},"end":{"line":97,"column":11}},"97":{"start":{"line":98,"column":0},"end":{"line":98,"column":77}},"98":{"start":{"line":99,"column":0},"end":{"line":99,"column":37}},"99":{"start":{"line":100,"column":0},"end":{"line":100,"column":25}},"100":{"start":{"line":101,"column":0},"end":{"line":101,"column":9}},"101":{"start":{"line":102,"column":0},"end":{"line":102,"column":21}},"102":{"start":{"line":103,"column":0},"end":{"line":103,"column":65}},"103":{"start":{"line":104,"column":0},"end":{"line":104,"column":18}},"104":{"start":{"line":105,"column":0},"end":{"line":105,"column":5}},"105":{"start":{"line":106,"column":0},"end":{"line":106,"column":4}},"107":{"start":{"line":108,"column":0},"end":{"line":108,"column":31}},"108":{"start":{"line":109,"column":0},"end":{"line":109,"column":42}},"109":{"start":{"line":110,"column":0},"end":{"line":110,"column":9}},"110":{"start":{"line":111,"column":0},"end":{"line":111,"column":47}},"111":{"start":{"line":112,"column":0},"end":{"line":112,"column":11}},"112":{"start":{"line":113,"column":0},"end":{"line":113,"column":58}},"113":{"start":{"line":114,"column":0},"end":{"line":114,"column":25}},"114":{"start":{"line":115,"column":0},"end":{"line":115,"column":9}},"115":{"start":{"line":116,"column":0},"end":{"line":116,"column":21}},"116":{"start":{"line":117,"column":0},"end":{"line":117,"column":65}},"117":{"start":{"line":118,"column":0},"end":{"line":118,"column":18}},"118":{"start":{"line":119,"column":0},"end":{"line":119,"column":5}},"119":{"start":{"line":120,"column":0},"end":{"line":120,"column":4}},"121":{"start":{"line":122,"column":0},"end":{"line":122,"column":32}},"122":{"start":{"line":123,"column":0},"end":{"line":123,"column":42}},"123":{"start":{"line":124,"column":0},"end":{"line":124,"column":9}},"124":{"start":{"line":125,"column":0},"end":{"line":125,"column":75}},"125":{"start":{"line":126,"column":0},"end":{"line":126,"column":11}},"126":{"start":{"line":127,"column":0},"end":{"line":127,"column":51}},"127":{"start":{"line":128,"column":0},"end":{"line":128,"column":25}},"128":{"start":{"line":129,"column":0},"end":{"line":129,"column":9}},"129":{"start":{"line":130,"column":0},"end":{"line":130,"column":21}},"130":{"start":{"line":131,"column":0},"end":{"line":131,"column":65}},"131":{"start":{"line":132,"column":0},"end":{"line":132,"column":18}},"132":{"start":{"line":133,"column":0},"end":{"line":133,"column":5}},"133":{"start":{"line":134,"column":0},"end":{"line":134,"column":4}},"134":{"start":{"line":135,"column":0},"end":{"line":135,"column":4}}},"s":{"0":1,"1":1,"43":1,"44":1,"45":1,"46":1,"47":1,"48":1,"50":1,"51":1,"52":1,"53":1,"54":1,"55":1,"56":1,"57":1,"58":1,"59":1,"60":0,"61":0,"62":1,"64":1,"65":1,"66":1,"67":1,"68":1,"69":1,"70":1,"71":1,"72":1,"73":0,"74":0,"75":0,"76":1,"78":1,"79":1,"80":1,"81":1,"82":1,"83":1,"84":1,"85":1,"86":1,"87":0,"88":0,"89":0,"90":1,"92":1,"93":2,"94":2,"95":2,"96":1,"97":1,"98":1,"99":1,"100":1,"101":1,"102":1,"103":1,"104":1,"105":2,"107":1,"108":1,"109":1,"110":1,"111":1,"112":1,"113":1,"114":1,"115":1,"116":0,"117":0,"118":0,"119":1,"121":1,"122":1,"123":1,"124":1,"125":1,"126":1,"127":1,"128":1,"129":1,"130":0,"131":0,"132":0,"133":1,"134":1},"branchMap":{"0":{"type":"branch","line":44,"loc":{"start":{"line":44,"column":50},"end":{"line":135,"column":2}},"locations":[{"start":{"line":44,"column":50},"end":{"line":135,"column":2}}]},"1":{"type":"branch","line":51,"loc":{"start":{"line":51,"column":16},"end":{"line":63,"column":4}},"locations":[{"start":{"line":51,"column":16},"end":{"line":63,"column":4}}]},"2":{"type":"branch","line":60,"loc":{"start":{"line":60,"column":4},"end":{"line":62,"column":5}},"locations":[{"start":{"line":60,"column":4},"end":{"line":62,"column":5}}]},"3":{"type":"branch","line":65,"loc":{"start":{"line":65,"column":15},"end":{"line":77,"column":4}},"locations":[{"start":{"line":65,"column":15},"end":{"line":77,"column":4}}]},"4":{"type":"branch","line":73,"loc":{"start":{"line":73,"column":4},"end":{"line":76,"column":5}},"locations":[{"start":{"line":73,"column":4},"end":{"line":76,"column":5}}]},"5":{"type":"branch","line":79,"loc":{"start":{"line":79,"column":16},"end":{"line":91,"column":4}},"locations":[{"start":{"line":79,"column":16},"end":{"line":91,"column":4}}]},"6":{"type":"branch","line":87,"loc":{"start":{"line":87,"column":4},"end":{"line":90,"column":5}},"locations":[{"start":{"line":87,"column":4},"end":{"line":90,"column":5}}]},"7":{"type":"branch","line":93,"loc":{"start":{"line":93,"column":16},"end":{"line":106,"column":4}},"locations":[{"start":{"line":93,"column":16},"end":{"line":106,"column":4}}]},"8":{"type":"branch","line":96,"loc":{"start":{"line":96,"column":70},"end":{"line":105,"column":5}},"locations":[{"start":{"line":96,"column":70},"end":{"line":105,"column":5}}]},"9":{"type":"branch","line":98,"loc":{"start":{"line":98,"column":35},"end":{"line":98,"column":75}},"locations":[{"start":{"line":98,"column":35},"end":{"line":98,"column":75}}]},"10":{"type":"branch","line":98,"loc":{"start":{"line":98,"column":52},"end":{"line":98,"column":73}},"locations":[{"start":{"line":98,"column":52},"end":{"line":98,"column":73}}]},"11":{"type":"branch","line":98,"loc":{"start":{"line":98,"column":66},"end":{"line":98,"column":75}},"locations":[{"start":{"line":98,"column":66},"end":{"line":98,"column":75}}]},"12":{"type":"branch","line":108,"loc":{"start":{"line":108,"column":16},"end":{"line":120,"column":4}},"locations":[{"start":{"line":108,"column":16},"end":{"line":120,"column":4}}]},"13":{"type":"branch","line":116,"loc":{"start":{"line":116,"column":4},"end":{"line":119,"column":5}},"locations":[{"start":{"line":116,"column":4},"end":{"line":119,"column":5}}]},"14":{"type":"branch","line":113,"loc":{"start":{"line":113,"column":38},"end":{"line":113,"column":56}},"locations":[{"start":{"line":113,"column":38},"end":{"line":113,"column":56}}]},"15":{"type":"branch","line":122,"loc":{"start":{"line":122,"column":17},"end":{"line":134,"column":4}},"locations":[{"start":{"line":122,"column":17},"end":{"line":134,"column":4}}]},"16":{"type":"branch","line":130,"loc":{"start":{"line":130,"column":4},"end":{"line":133,"column":5}},"locations":[{"start":{"line":130,"column":4},"end":{"line":133,"column":5}}]}},"b":{"0":[1],"1":[1],"2":[0],"3":[1],"4":[0],"5":[1],"6":[0],"7":[2],"8":[1],"9":[2],"10":[1],"11":[1],"12":[1],"13":[0],"14":[2],"15":[1],"16":[0]},"fnMap":{"0":{"name":"fetchClients","decl":{"start":{"line":51,"column":16},"end":{"line":63,"column":4}},"loc":{"start":{"line":51,"column":16},"end":{"line":63,"column":4}},"line":51},"1":{"name":"fetchClient","decl":{"start":{"line":65,"column":15},"end":{"line":77,"column":4}},"loc":{"start":{"line":65,"column":15},"end":{"line":77,"column":4}},"line":65},"2":{"name":"createClient","decl":{"start":{"line":79,"column":16},"end":{"line":91,"column":4}},"loc":{"start":{"line":79,"column":16},"end":{"line":91,"column":4}},"line":79},"3":{"name":"updateClient","decl":{"start":{"line":93,"column":16},"end":{"line":106,"column":4}},"loc":{"start":{"line":93,"column":16},"end":{"line":106,"column":4}},"line":93},"4":{"name":"deleteClient","decl":{"start":{"line":108,"column":16},"end":{"line":120,"column":4}},"loc":{"start":{"line":108,"column":16},"end":{"line":120,"column":4}},"line":108},"5":{"name":"restoreClient","decl":{"start":{"line":122,"column":17},"end":{"line":134,"column":4}},"loc":{"start":{"line":122,"column":17},"end":{"line":134,"column":4}},"line":122}},"f":{"0":1,"1":1,"2":1,"3":2,"4":1,"5":1}}
,"/app/lib/stores/dashboard.ts": {"path":"/app/lib/stores/dashboard.ts","all":false,"statementMap":{"0":{"start":{"line":1,"column":0},"end":{"line":1,"column":33}},"1":{"start":{"line":2,"column":0},"end":{"line":2,"column":38}},"19":{"start":{"line":20,"column":0},"end":{"line":20,"column":67}},"20":{"start":{"line":21,"column":0},"end":{"line":21,"column":14}},"21":{"start":{"line":22,"column":0},"end":{"line":22,"column":19}},"22":{"start":{"line":23,"column":0},"end":{"line":23,"column":14}},"24":{"start":{"line":25,"column":0},"end":{"line":25,"column":27}},"25":{"start":{"line":26,"column":0},"end":{"line":26,"column":42}},"26":{"start":{"line":27,"column":0},"end":{"line":27,"column":9}},"27":{"start":{"line":28,"column":0},"end":{"line":28,"column":73}},"28":{"start":{"line":29,"column":0},"end":{"line":29,"column":54}},"29":{"start":{"line":30,"column":0},"end":{"line":30,"column":21}},"30":{"start":{"line":31,"column":0},"end":{"line":31,"column":65}},"31":{"start":{"line":32,"column":0},"end":{"line":32,"column":5}},"32":{"start":{"line":33,"column":0},"end":{"line":33,"column":4}},"33":{"start":{"line":34,"column":0},"end":{"line":34,"column":4}}},"s":{"0":1,"1":1,"19":1,"20":2,"21":2,"22":2,"24":2,"25":2,"26":2,"27":2,"28":1,"29":1,"30":1,"31":1,"32":2,"33":1},"branchMap":{"0":{"type":"branch","line":20,"loc":{"start":{"line":20,"column":56},"end":{"line":34,"column":2}},"locations":[{"start":{"line":20,"column":56},"end":{"line":34,"column":2}}]},"1":{"type":"branch","line":25,"loc":{"start":{"line":25,"column":14},"end":{"line":33,"column":4}},"locations":[{"start":{"line":25,"column":14},"end":{"line":33,"column":4}}]},"2":{"type":"branch","line":28,"loc":{"start":{"line":28,"column":71},"end":{"line":32,"column":5}},"locations":[{"start":{"line":28,"column":71},"end":{"line":32,"column":5}}]}},"b":{"0":[2],"1":[2],"2":[1]},"fnMap":{"0":{"name":"fetchStats","decl":{"start":{"line":25,"column":14},"end":{"line":33,"column":4}},"loc":{"start":{"line":25,"column":14},"end":{"line":33,"column":4}},"line":25}},"f":{"0":2}}
}
